warning: Tag `SYMBOL_CACHE_SIZE' at line 336 of file `Doxyfile' has become obsolete.
         To avoid this warning please remove this line from your configuration file or upgrade it using "doxygen -u"
warning: Tag `XML_SCHEMA' at line 1406 of file `Doxyfile' has become obsolete.
         To avoid this warning please remove this line from your configuration file or upgrade it using "doxygen -u"
warning: Tag `XML_DTD' at line 1412 of file `Doxyfile' has become obsolete.
         To avoid this warning please remove this line from your configuration file or upgrade it using "doxygen -u"
/home/travis/build/NSLS-II/libcin/src/cin.h:256: warning: Compound cin_ctl_config is not documented.
/home/travis/build/NSLS-II/libcin/src/cin.h:294: warning: Compound cin_port is not documented.
/home/travis/build/NSLS-II/libcin/src/data.h:53: warning: Compound cin_data_packet is not documented.
/home/travis/build/NSLS-II/libcin/src/cin.h:358: warning: Compound cin_data_threads is not documented.
/home/travis/build/NSLS-II/libcin/src/cin.h:439: warning: Compound cin_ctl_pwr_val is not documented.
/home/travis/build/NSLS-II/libcin/src/cin.h:369: warning: Compound descramble_map_t is not documented.
/home/travis/build/NSLS-II/libcin/src/cin.h:363: warning: Compound cin_data_callbacks is not documented.
/home/travis/build/NSLS-II/libcin/src/cin.h:333: warning: Compound cin_data_stats is not documented.
/home/travis/build/NSLS-II/libcin/src/cin.h:272: warning: Compound fifo is not documented.
/home/travis/build/NSLS-II/libcin/src/cinregisters.h:4: warning: Compound cin_map_t is not documented.
/home/travis/build/NSLS-II/libcin/src/cin.h:324: warning: Compound cin_data_frame is not documented.
/home/travis/build/NSLS-II/libcin/src/data.h:59: warning: Compound cin_data_proc is not documented.
/home/travis/build/NSLS-II/libcin/src/cin.h:309: warning: Compound cin_ctl is not documented.
/home/travis/build/NSLS-II/libcin/src/cin.h:433: warning: Compound cin_ctl_id is not documented.
/home/travis/build/NSLS-II/libcin/src/cin.h:287: warning: Compound cin_ctl_listener is not documented.
/home/travis/build/NSLS-II/libcin/src/cin.h:377: warning: Compound cin_data is not documented.
/home/travis/build/NSLS-II/libcin/src/cin.h:444: warning: Compound cin_ctl_pwr_mon_t is not documented.
Searching for include files...
Searching for example files...
Searching for images...
Searching for dot files...
Searching for msc files...
Searching for dia files...
Searching for files to exclude
Searching INPUT for files to process...
Searching for files in directory /home/travis/build/NSLS-II/libcin/src
Reading and parsing tag files
Parsing files
Reading /home/travis/build/NSLS-II/libcin/README.md...
Preprocessing /home/travis/build/NSLS-II/libcin/src/cin.h...
Parsing file /home/travis/build/NSLS-II/libcin/src/cin.h...
Preprocessing /home/travis/build/NSLS-II/libcin/src/cin_register_map.h...
Parsing file /home/travis/build/NSLS-II/libcin/src/cin_register_map.h...
Preprocessing /home/travis/build/NSLS-II/libcin/src/cinregdump.c...
Parsing file /home/travis/build/NSLS-II/libcin/src/cinregdump.c...
Preprocessing /home/travis/build/NSLS-II/libcin/src/cinregisters.h...
Parsing file /home/travis/build/NSLS-II/libcin/src/cinregisters.h...
Preprocessing /home/travis/build/NSLS-II/libcin/src/common.c...
Parsing file /home/travis/build/NSLS-II/libcin/src/common.c...
Preprocessing /home/travis/build/NSLS-II/libcin/src/common.h...
Parsing file /home/travis/build/NSLS-II/libcin/src/common.h...
Preprocessing /home/travis/build/NSLS-II/libcin/src/config.c...
Parsing file /home/travis/build/NSLS-II/libcin/src/config.c...
Preprocessing /home/travis/build/NSLS-II/libcin/src/config.h...
Parsing file /home/travis/build/NSLS-II/libcin/src/config.h...
Preprocessing /home/travis/build/NSLS-II/libcin/src/control.c...
Parsing file /home/travis/build/NSLS-II/libcin/src/control.c...
Preprocessing /home/travis/build/NSLS-II/libcin/src/control.h...
Parsing file /home/travis/build/NSLS-II/libcin/src/control.h...
Preprocessing /home/travis/build/NSLS-II/libcin/src/data.c...
Parsing file /home/travis/build/NSLS-II/libcin/src/data.c...
Preprocessing /home/travis/build/NSLS-II/libcin/src/data.h...
Parsing file /home/travis/build/NSLS-II/libcin/src/data.h...
Preprocessing /home/travis/build/NSLS-II/libcin/src/descramble.c...
Parsing file /home/travis/build/NSLS-II/libcin/src/descramble.c...
Preprocessing /home/travis/build/NSLS-II/libcin/src/descramble.h...
Parsing file /home/travis/build/NSLS-II/libcin/src/descramble.h...
Preprocessing /home/travis/build/NSLS-II/libcin/src/descramble_map.h...
Parsing file /home/travis/build/NSLS-II/libcin/src/descramble_map.h...
Preprocessing /home/travis/build/NSLS-II/libcin/src/fclk_program.h...
Parsing file /home/travis/build/NSLS-II/libcin/src/fclk_program.h...
Preprocessing /home/travis/build/NSLS-II/libcin/src/fifo.c...
Parsing file /home/travis/build/NSLS-II/libcin/src/fifo.c...
Preprocessing /home/travis/build/NSLS-II/libcin/src/fifo.h...
Parsing file /home/travis/build/NSLS-II/libcin/src/fifo.h...
Preprocessing /home/travis/build/NSLS-II/libcin/src/report.c...
Parsing file /home/travis/build/NSLS-II/libcin/src/report.c...
Preprocessing /home/travis/build/NSLS-II/libcin/src/report.h...
Parsing file /home/travis/build/NSLS-II/libcin/src/report.h...
Preprocessing /home/travis/build/NSLS-II/libcin/src/version.c...
Parsing file /home/travis/build/NSLS-II/libcin/src/version.c...
Preprocessing /home/travis/build/NSLS-II/libcin/src/version.h...
Parsing file /home/travis/build/NSLS-II/libcin/src/version.h...
Building group list...
Building directory list...
Building namespace list...
Building file list...
Building class list...
Associating documentation with classes...
Computing nesting relations for classes...
Building example list...
Searching for enumerations...
Searching for documented typedefs...
Searching for members imported via using declarations...
Searching for included using directives...
Searching for documented variables...
Building interface member list...
Building member list...
Searching for friends...
Searching for documented defines...
Computing class inheritance relations...
Computing class usage relations...
Flushing cached template relations that have become invalid...
Computing class relations...
Add enum values to enums...
Searching for member function documentation...
Creating members for temp/home/travis/build/NSLS-II/libcin/src/cin.h:68: warning: Member CIN_CTL_IP (macro definition) of file cin.h is not documented.
/home/travis/build/NSLS-II/libcin/src/cin.h:69: warning: Member CIN_CTL_SVR_PORT (macro definition) of file cin.h is not documented.
/home/travis/build/NSLS-II/libcin/src/cin.h:70: warning: Member CIN_CTL_CLI_PORT (macro definition) of file cin.h is not documented.
/home/travis/build/NSLS-II/libcin/src/cin.h:71: warning: Member CIN_CTL_SVR_FRMW_PORT (macro definition) of file cin.h is not documented.
/home/travis/build/NSLS-II/libcin/src/cin.h:72: warning: Member CIN_CTL_CLI_FRMW_PORT (macro definition) of file cin.h is not documented.
/home/travis/build/NSLS-II/libcin/src/cin.h:73: warning: Member CIN_CTL_RCVBUF (macro definition) of file cin.h is not documented.
/home/travis/build/NSLS-II/libcin/src/cin.h:75: warning: Member CIN_CTL_MAX_READ_TRIES (macro definition) of file cin.h is not documented.
/home/travis/build/NSLS-II/libcin/src/cin.h:76: warning: Member CIN_CTL_MAX_WRITE_TRIES (macro definition) of file cin.h is not documented.
/home/travis/build/NSLS-II/libcin/src/cin.h:77: warning: Member CIN_CTL_WRITE_SLEEP (macro definition) of file cin.h is not documented.
/home/travis/build/NSLS-II/libcin/src/cin.h:79: warning: Member CIN_CTL_POWER_ENABLE (macro definition) of file cin.h is not documented.
/home/travis/build/NSLS-II/libcin/src/cin.h:80: warning: Member CIN_CTL_POWER_DISABLE (macro definition) of file cin.h is not documented.
/home/travis/build/NSLS-II/libcin/src/cin.h:81: warning: Member CIN_CTL_FP_POWER_ENABLE (macro definition) of file cin.h is not documented.
/home/travis/build/NSLS-II/libcin/src/cin.h:83: warning: Member CIN_CTL_DCM_LOCKED (macro definition) of file cin.h is not documented.
/home/travis/build/NSLS-II/libcin/src/cin.h:84: warning: Member CIN_CTL_DCM_PSDONE (macro definition) of file cin.h is not documented.
/home/travis/build/NSLS-II/libcin/src/cin.h:85: warning: Member CIN_CTL_DCM_STATUS0 (macro definition) of file cin.h is not documented.
/home/travis/build/NSLS-II/libcin/src/cin.h:86: warning: Member CIN_CTL_DCM_STATUS1 (macro definition) of file cin.h is not documented.
/home/travis/build/NSLS-II/libcin/src/cin.h:87: warning: Member CIN_CTL_DCM_STATUS2 (macro definition) of file cin.h is not documented.
/home/travis/build/NSLS-II/libcin/src/cin.h:88: warning: Member CIN_CTL_DCM_TX1_READY (macro definition) of file cin.h is not documented.
/home/travis/build/NSLS-II/libcin/src/cin.h:89: warning: Member CIN_CTL_DCM_TX2_READY (macro definition) of file cin.h is not documented.
/home/travis/build/NSLS-II/libcin/src/cin.h:90: warning: Member CIN_CTL_DCM_ATCA_ALARM (macro definition) of file cin.h is not documented.
/home/travis/build/NSLS-II/libcin/src/cin.h:92: warning: Member CIN_CTL_TRIG_INTERNAL (macro definition) of file cin.h is not documented.
/home/travis/build/NSLS-II/libcin/src/cin.h:93: warning: Member CIN_CTL_TRIG_EXTERNAL_1 (macro definition) of file cin.h is not documented.
/home/travis/build/NSLS-II/libcin/src/cin.h:94: warning: Member CIN_CTL_TRIG_EXTERNAL_2 (macro definition) of file cin.h is not documented.
/home/travis/build/NSLS-II/libcin/src/cin.h:95: warning: Member CIN_CTL_TRIG_EXTERNAL_BOTH (macro definition) of file cin.h is not documented.
/home/travis/build/NSLS-II/libcin/src/cin.h:97: warning: Member CIN_CTL_FOCUS_BIT (macro definition) of file cin.h is not documented.
/home/travis/build/NSLS-II/libcin/src/cin.h:99: warning: Member CIN_CTL_FCLK_125 (macro definition) of file cin.h is not documented.
/home/travis/build/NSLS-II/libcin/src/cin.h:100: warning: Member CIN_CTL_FCLK_200 (macro definition) of file cin.h is not documented.
/home/travis/build/NSLS-II/libcin/src/cin.h:101: warning: Member CIN_CTL_FCLK_250 (macro definition) of file cin.h is not documented.
/home/travis/build/NSLS-II/libcin/src/cin.h:102: warning: Member CIN_CTL_FCLK_125_C (macro definition) of file cin.h is not documented.
/home/travis/build/NSLS-II/libcin/src/cin.h:103: warning: Member CIN_CTL_FCLK_200_C (macro definition) of file cin.h is not documented.
/home/travis/build/NSLS-II/libcin/src/cin.h:104: warning: Member CIN_CTL_FCLK_250_C (macro definition) of file cin.h is not documented.
/home/travis/build/NSLS-II/libcin/src/cin.h:105: warning: Member CIN_CTL_FCLK_156_C (macro definition) of file cin.h is not documented.
/home/travis/build/NSLS-II/libcin/src/cin.h:107: warning: Member CIN_CTL_FPGA_STS_CFG (macro definition) of file cin.h is not documented.
/home/travis/build/NSLS-II/libcin/src/cin.h:108: warning: Member CIN_CTL_FPGA_STS_FP_PWR (macro definition) of file cin.h is not documented.
/home/travis/build/NSLS-II/libcin/src/cin.h:110: warning: Member CIN_CTL_DCM_STS_ATCA (macro definition) of file cin.h is not documented.
/home/travis/build/NSLS-II/libcin/src/cin.h:111: warning: Member CIN_CTL_DCM_STS_LOCKED (macro definition) of file cin.h is not documented.
/home/travis/build/NSLS-II/libcin/src/cin.h:112: warning: Member CIN_CTL_DCM_STS_OVERIDE (macro definition) of file cin.h is not documented.
/home/travis/build/NSLS-II/libcin/src/cin.h:114: warning: Member CIN_CTL_MUX1_VCLK1 (macro definition) of file cin.h is not documented.
/home/travis/build/NSLS-II/libcin/src/cin.h:115: warning: Member CIN_CTL_MUX1_VCLK2 (macro definition) of file cin.h is not documented.
/home/travis/build/NSLS-II/libcin/src/cin.h:116: warning: Member CIN_CTL_MUX1_VCLK3 (macro definition) of file cin.h is not documented.
/home/travis/build/NSLS-II/libcin/src/cin.h:117: warning: Member CIN_CTL_MUX1_ATG (macro definition) of file cin.h is not documented.
/home/travis/build/NSLS-II/libcin/src/cin.h:118: warning: Member CIN_CTL_MUX1_VFSCLK1 (macro definition) of file cin.h is not documented.
/home/travis/build/NSLS-II/libcin/src/cin.h:119: warning: Member CIN_CTL_MUX1_VFSCLK2 (macro definition) of file cin.h is not documented.
/home/travis/build/NSLS-II/libcin/src/cin.h:120: warning: Member CIN_CTL_MUX1_VFSCLK3 (macro definition) of file cin.h is not documented.
/home/travis/build/NSLS-II/libcin/src/cin.h:121: warning: Member CIN_CTL_MUX1_HCLK1 (macro definition) of file cin.h is not documented.
/home/travis/build/NSLS-II/libcin/src/cin.h:122: warning: Member CIN_CTL_MUX1_HCLK2 (macro definition) of file cin.h is not documented.
/home/travis/build/NSLS-II/libcin/src/cin.h:123: warning: Member CIN_CTL_MUX1_OSW (macro definition) of file cin.h is not documented.
/home/travis/build/NSLS-II/libcin/src/cin.h:124: warning: Member CIN_CTL_MUX1_RST (macro definition) of file cin.h is not documented.
/home/travis/build/NSLS-II/libcin/src/cin.h:125: warning: Member CIN_CTL_MUX1_CONVERT (macro definition) of file cin.h is not documented.
/home/travis/build/NSLS-II/libcin/src/cin.h:126: warning: Member CIN_CTL_MUX1_SHUTTER (macro definition) of file cin.h is not documented.
/home/travis/build/NSLS-II/libcin/src/cin.h:127: warning: Member CIN_CTL_MUX1_SWTRIGGER (macro definition) of file cin.h is not documented.
/home/travis/build/NSLS-II/libcin/src/cin.h:128: warning: Member CIN_CTL_MUX1_TRIGMON (macro definition) of file cin.h is not documented.
/home/travis/build/NSLS-II/libcin/src/cin.h:129: warning: Member CIN_CTL_MUX1_EXPOSE (macro definition) of file cin.h is not documented.
/home/travis/build/NSLS-II/libcin/src/cin.h:131: warning: Member CIN_CTL_MUX2_VCLK1 (macro definition) of file cin.h is not documented.
/home/travis/build/NSLS-II/libcin/src/cin.h:132: warning: Member CIN_CTL_MUX2_VCLK2 (macro definition) of file cin.h is not documented.
/home/travis/build/NSLS-II/libcin/src/cin.h:133: warning: Member CIN_CTL_MUX2_VCLK3 (macro definition) of file cin.h is not documented.
/home/travis/build/NSLS-II/libcin/src/cin.h:134: warning: Member CIN_CTL_MUX2_ATG (macro definition) of file cin.h is not documented.
/home/travis/build/NSLS-II/libcin/src/cin.h:135: warning: Member CIN_CTL_MUX2_VFSCLK1 (macro definition) of file cin.h is not documented.
/home/travis/build/NSLS-II/libcin/src/cin.h:136: warning: Member CIN_CTL_MUX2_VFSCLK2 (macro definition) of file cin.h is not documented.
/home/travis/build/NSLS-II/libcin/src/cin.h:137: warning: Member CIN_CTL_MUX2_VFSCLK3 (macro definition) of file cin.h is not documented.
/home/travis/build/NSLS-II/libcin/src/cin.h:138: warning: Member CIN_CTL_MUX2_HCLK1 (macro definition) of file cin.h is not documented.
/home/travis/build/NSLS-II/libcin/src/cin.h:139: warning: Member CIN_CTL_MUX2_HCLK2 (macro definition) of file cin.h is not documented.
/home/travis/build/NSLS-II/libcin/src/cin.h:140: warning: Member CIN_CTL_MUX2_HCLK3 (macro definition) of file cin.h is not documented.
/home/travis/build/NSLS-II/libcin/src/cin.h:141: warning: Member CIN_CTL_MUX2_OSW (macro definition) of file cin.h is not documented.
/home/travis/build/NSLS-II/libcin/src/cin.h:142: warning: Member CIN_CTL_MUX2_RST (macro definition) of file cin.h is not documented.
/home/travis/build/NSLS-II/libcin/src/cin.h:143: warning: Member CIN_CTL_MUX2_CONVERT (macro definition) of file cin.h is not documented.
/home/travis/build/NSLS-II/libcin/src/cin.h:144: warning: Member CIN_CTL_MUX2_SAVE (macro definition) of file cin.h is not documented.
/home/travis/build/NSLS-II/libcin/src/cin.h:145: warning: Member CIN_CTL_MUX2_HWTRIG (macro definition) of file cin.h is not documented.
/home/travis/build/NSLS-II/libcin/src/cin.h:146: warning: Member CIN_CTL_MUX2_EXPOSE (macro definition) of file cin.h is not documented.
/home/travis/build/NSLS-II/libcin/src/cin.h:148: warning: Member CIN_CTL_FO_REG1 (macro definition) of file cin.h is not documented.
/home/travis/build/NSLS-II/libcin/src/cin.h:149: warning: Member CIN_CTL_FO_REG2 (macro definition) of file cin.h is not documented.
/home/travis/build/NSLS-II/libcin/src/cin.h:150: warning: Member CIN_CTL_FO_REG3 (macro definition) of file cin.h is not documented.
/home/travis/build/NSLS-II/libcin/src/cin.h:151: warning: Member CIN_CTL_FO_REG4 (macro definition) of file cin.h is not documented.
/home/travis/build/NSLS-II/libcin/src/cin.h:152: warning: Member CIN_CTL_FO_REG5 (macro definition) of file cin.h is not documented.
/home/travis/build/NSLS-II/libcin/src/cin.h:153: warning: Member CIN_CTL_FO_REG6 (macro definition) of file cin.h is not documented.
/home/travis/build/NSLS-II/libcin/src/cin.h:154: warning: Member CIN_CTL_FO_REG7 (macro definition) of file cin.h is not documented.
/home/travis/build/NSLS-II/libcin/src/cin.h:156: warning: Member CIN_DATA_IP (macro definition) of file cin.h is not documented.
/home/travis/build/NSLS-II/libcin/src/cin.h:157: warning: Member CIN_DATA_PORT (macro definition) of file cin.h is not documented.
/home/travis/build/NSLS-II/libcin/src/cin.h:158: warning: Member CIN_DATA_CTL_PORT (macro definition) of file cin.h is not documented.
/home/travis/build/NSLS-II/libcin/src/cin.h:159: warning: Member CIN_DATA_MAX_MTU (macro definition) of file cin.h is not documented.
/home/travis/build/NSLS-II/libcin/src/cin.h:160: warning: Member CIN_DATA_UDP_HEADER (macro definition) of file cin.h is not documented.
/home/travis/build/NSLS-II/libcin/src/cin.h:161: warning: Member CIN_DATA_MAGIC_PACKET (macro definition) of file cin.h is not documented.
/home/travis/build/NSLS-II/libcin/src/cin.h:162: warning: Member CIN_DATA_MAGIC_PACKET_MASK (macro definition) of file cin.h is not documented.
/home/travis/build/NSLS-II/libcin/src/cin.h:163: warning: Member CIN_DATA_TAIL_MAGIC_PACKET (macro definition) of file cin.h is not documented.
/home/travis/build/NSLS-II/libcin/src/cin.h:164: warning: Member CIN_DATA_TAIL_MAGIC_PACKET_MASK (macro definition) of file cin.h is not documented.
/home/travis/build/NSLS-II/libcin/src/cin.h:165: warning: Member CIN_DATA_DROPPED_PACKET_VAL (macro definition) of file cin.h is not documented.
/home/travis/build/NSLS-II/libcin/src/cin.h:166: warning: Member CIN_DATA_DATA_MASK (macro definition) of file cin.h is not documented.
/home/travis/build/NSLS-II/libcin/src/cin.h:167: warning: Member CIN_DATA_CTRL_MASK (macro definition) of file cin.h is not documented.
/home/travis/build/NSLS-II/libcin/src/cin.h:168: warning: Member CIN_DATA_SIGN_MASK (macro definition) of file cin.h is not documented.
/home/travis/build/NSLS-II/libcin/src/cin.h:169: warning: Member CIN_DATA_GAIN_8 (macro definition) of file cin.h is not documented.
/home/travis/build/NSLS-II/libcin/src/cin.h:170: warning: Member CIN_DATA_GAIN_4 (macro definition) of file cin.h is not documented.
/home/travis/build/NSLS-II/libcin/src/cin.h:171: warning: Member CIN_DATA_PACKET_LEN (macro definition) of file cin.h is not documented.
/home/travis/build/NSLS-II/libcin/src/cin.h:172: warning: Member CIN_DATA_MAX_PACKETS (macro definition) of file cin.h is not documented.
/home/travis/build/NSLS-II/libcin/src/cin.h:173: warning: Member CIN_DATA_RCVBUF (macro definition) of file cin.h is not documented.
/home/travis/build/NSLS-II/libcin/src/cin.h:183: warning: Member CIN_DATA_MAX_FRAME_X (macro definition) of file cin.h is not documented.
/home/travis/build/NSLS-II/libcin/src/cin.h:184: warning: Member CIN_DATA_MAX_FRAME_Y (macro definition) of file cin.h is not documented.
/home/travis/build/NSLS-II/libcin/src/cin.h:185: warning: Member CIN_DATA_MAX_STREAM (macro definition) of file cin.h is not documented.
/home/travis/build/NSLS-II/libcin/src/cin.h:186: warning: Member CIN_DATA_CCD_COLS (macro definition) of file cin.h is not documented.
/home/travis/build/NSLS-II/libcin/src/cin.h:187: warning: Member CIN_DATA_CCD_COLS_PER_CHAN (macro definition) of file cin.h is not documented.
/home/travis/build/NSLS-II/libcin/src/cin.h:188: warning: Member CIN_DATA_PIPELINE_FLUSH (macro definition) of file cin.h is not documented.
/home/travis/build/NSLS-II/libcin/src/cin.h:197: warning: Member NUM_BIAS_VOLTAGE (macro definition) of file cin.h is not documented.
/home/travis/build/NSLS-II/libcin/src/cin.h:199: warning: Member pt_posH (macro definition) of file cin.h is not documented.
/home/travis/build/NSLS-II/libcin/src/cin.h:200: warning: Member pt_negH (macro definition) of file cin.h is not documented.
/home/travis/build/NSLS-II/libcin/src/cin.h:201: warning: Member pt_posRG (macro definition) of file cin.h is not documented.
/home/travis/build/NSLS-II/libcin/src/cin.h:202: warning: Member pt_negRG (macro definition) of file cin.h is not documented.
/home/travis/build/NSLS-II/libcin/src/cin.h:203: warning: Member pt_posSW (macro definition) of file cin.h is not documented.
/home/travis/build/NSLS-II/libcin/src/cin.h:204: warning: Member pt_negSW (macro definition) of file cin.h is not documented.
/home/travis/build/NSLS-II/libcin/src/cin.h:205: warning: Member pt_posV (macro definition) of file cin.h is not documented.
/home/travis/build/NSLS-II/libcin/src/cin.h:206: warning: Member pt_negV (macro definition) of file cin.h is not documented.
/home/travis/build/NSLS-II/libcin/src/cin.h:207: warning: Member pt_posTG (macro definition) of file cin.h is not documented.
/home/travis/build/NSLS-II/libcin/src/cin.h:208: warning: Member pt_negTG (macro definition) of file cin.h is not documented.
/home/travis/build/NSLS-II/libcin/src/cin.h:209: warning: Member pt_posVF (macro definition) of file cin.h is not documented.
/home/travis/build/NSLS-II/libcin/src/cin.h:210: warning: Member pt_negVF (macro definition) of file cin.h is not documented.
/home/travis/build/NSLS-II/libcin/src/cin.h:211: warning: Member pt_NEDGE (macro definition) of file cin.h is not documented.
/home/travis/build/NSLS-II/libcin/src/cin.h:212: warning: Member pt_OTG (macro definition) of file cin.h is not documented.
/home/travis/build/NSLS-II/libcin/src/cin.h:213: warning: Member pt_VDDR (macro definition) of file cin.h is not documented.
/home/travis/build/NSLS-II/libcin/src/cin.h:214: warning: Member pt_VDD_OUT (macro definition) of file cin.h is not documented.
/home/travis/build/NSLS-II/libcin/src/cin.h:215: warning: Member pt_BUF_Base (macro definition) of file cin.h is not documented.
/home/travis/build/NSLS-II/libcin/src/cin.h:216: warning: Member pt_BUF_Delta (macro definition) of file cin.h is not documented.
/home/travis/build/NSLS-II/libcin/src/cin.h:217: warning: Member pt_Spare1 (macro definition) of file cin.h is not documented.
/home/travis/build/NSLS-II/libcin/src/cin.h:218: warning: Member pt_Spare2 (macro definition) of file cin.h is not documented.
/home/travis/build/NSLS-II/libcin/src/cin.h:234: warning: Member DEBUG_PRINT(fmt,...) (macro definition) of file cin.h is not documented.
/home/travis/build/NSLS-II/libcin/src/cin.h:237: warning: Member DEBUG_COMMENT(fmt) (macro definition) of file cin.h is not documented.
/home/travis/build/NSLS-II/libcin/src/cin.h:240: warning: Member ERROR_COMMENT(fmt) (macro definition) of file cin.h is not documented.
/home/travis/build/NSLS-II/libcin/src/cin.h:243: warning: Member ERROR_PRINT(fmt,...) (macro definition) of file cin.h is not documented.
/home/travis/build/NSLS-II/libcin/src/cin.h:254: warning: Member CIN_CONFIG_MAX_STRING (macro definition) of file cin.h is not documented.
/home/travis/build/NSLS-II/libcin/src/cin.h:255: warning: Member CIN_CONFIG_MAX_DATA (macro definition) of file cin.h is not documented.
/home/travis/build/NSLS-II/libcin/src/cin.h:270: warning: Member FIFO_MAX_READERS (macro definition) of file cin.h is not documented.
/home/travis/build/NSLS-II/libcin/src/cin.h:268: warning: Member cin_ctl_config_t (typedef) of file cin.h is not documented.
/home/travis/build/NSLS-II/libcin/src/cin.h:292: warning: Member cin_ctl_listener_t (typedef) of file cin.h is not documented.
/home/travis/build/NSLS-II/libcin/src/cin.h:306: warning: Member cin_port_t (typedef) of file cin.h is not documented.
/home/travis/build/NSLS-II/libcin/src/cin.h:321: warning: Member cin_ctl_t (typedef) of file cin.h is not documented.
/home/travis/build/NSLS-II/libcin/src/cin.h:331: warning: Member cin_data_frame_t (typedef) of file cin.h is not documented.
/home/travis/build/NSLS-II/libcin/src/cin.h:356: warning: Member cin_data_stats_t (typedef) of file cin.h is not documented.
/home/travis/build/NSLS-II/libcin/src/cin.h:361: warning: Member cin_data_threads_t (typedef) of file cin.h is not documented.
/home/travis/build/NSLS-II/libcin/src/cin.h:367: warning: Member cin_data_callbacks_t (typedef) of file cin.h is not documented.
/home/travis/build/NSLS-II/libcin/src/cin.h:416: warning: Member cin_data_t (typedef) of file cin.h is not documented.
/home/travis/build/NSLS-II/libcin/src/cin.h:419: warning: Member cin_data_callback)(cin_data_frame_t *) (typedef) of file cin.h is not documented.
/home/travis/build/NSLS-II/libcin/src/cin.h:437: warning: Member cin_ctl_id_t (typedef) of file cin.h is not documented.
/home/travis/build/NSLS-II/libcin/src/cin.h:442: warning: Member cin_ctl_pwr_val_t (typedef) of file cin.h is not documented.
/home/travis/build/NSLS-II/libcin/src/cin.h:231: warning: Member cin_set_debug_print(int debug) (function) of file cin.h is not documented.
/home/travis/build/NSLS-II/libcin/src/cin.h:232: warning: Member cin_set_error_print(int error) (function) of file cin.h is not documented.
/home/travis/build/NSLS-II/libcin/src/cin.h:464: warning: Member cin_report(FILE *fp, int details) (function) of file cin.h is not documented.
/home/travis/build/NSLS-II/libcin/src/cin.h:585: warning: Member cin_ctl_pwr(cin_ctl_t *cin, int pwr) (function) of group cin_ctl_rw is not documented.
/home/travis/build/NSLS-II/libcin/src/cin.h:586: warning: Member cin_ctl_fp_pwr(cin_ctl_t *cin, int pwr) (function) of group cin_ctl_rw is not documented.
/home/travis/build/NSLS-II/libcin/src/cin.h:587: warning: Member cin_ctl_fo_test_pattern(cin_ctl_t *cin, int on_off) (function) of group cin_ctl_rw is not documented.
/home/travis/build/NSLS-II/libcin/src/cin.h:597: warning: Member cin_ctl_load_config(cin_ctl_t *cin, char *filename) (function) of file cin.h is not documented.
/home/travis/build/NSLS-II/libcin/src/cin.h:598: warning: Member cin_ctl_load_firmware(cin_ctl_t *cin, char *filename) (function) of file cin.h is not documented.
/home/travis/build/NSLS-II/libcin/src/cin.h:599: warning: Member cin_ctl_get_fclk(cin_ctl_t *cin, int *clkfreq) (function) of file cin.h is not documented.
/home/travis/build/NSLS-II/libcin/src/cin.h:600: warning: Member cin_ctl_set_fclk(cin_ctl_t *cin, int clkfreq) (function) of file cin.h is not documented.
/home/travis/build/NSLS-II/libcin/src/cin.h:601: warning: Member cin_ctl_get_cfg_fpga_status(cin_ctl_t *cin, uint16_t *_val) (function) of file cin.h is not documented.
/home/travis/build/NSLS-II/libcin/src/cin.h:602: warning: Member cin_ctl_get_id(cin_ctl_t *cin, cin_ctl_id_t *_val) (function) of file cin.h is not documented.
/home/travis/build/NSLS-II/libcin/src/cin.h:603: warning: Member cin_ctl_get_dcm_status(cin_ctl_t *cin, uint16_t *_val) (function) of file cin.h is not documented.
/home/travis/build/NSLS-II/libcin/src/cin.h:611: warning: Member cin_ctl_get_power_status(cin_ctl_t *cin, int full, int *pwr, cin_ctl_pwr_mon_t *values) (function) of file cin.h is not documented.
/home/travis/build/NSLS-II/libcin/src/cin.h:617: warning: Member cin_ctl_get_camera_pwr(cin_ctl_t *cin, int *val) (function) of file cin.h is not documented.
/home/travis/build/NSLS-II/libcin/src/cin.h:618: warning: Member cin_ctl_set_camera_pwr(cin_ctl_t *cin, int val) (function) of file cin.h is not documented.
/home/travis/build/NSLS-II/libcin/src/cin.h:619: warning: Member cin_ctl_set_bias(cin_ctl_t *cin, int val) (function) of file cin.h is not documented.
/home/travis/build/NSLS-II/libcin/src/cin.h:620: warning: Member cin_ctl_get_bias(cin_ctl_t *cin, int *val) (function) of file cin.h is not documented.
/home/travis/build/NSLS-II/libcin/src/cin.h:621: warning: Member cin_ctl_set_clocks(cin_ctl_t *cin, int val) (function) of file cin.h is not documented.
/home/travis/build/NSLS-II/libcin/src/cin.h:622: warning: Member cin_ctl_get_clocks(cin_ctl_t *cin, int *val) (function) of file cin.h is not documented.
/home/travis/build/NSLS-II/libcin/src/cin.h:623: warning: Member cin_ctl_set_trigger(cin_ctl_t *cin, int val) (function) of file cin.h is not documented.
/home/travis/build/NSLS-II/libcin/src/cin.h:624: warning: Member cin_ctl_get_trigger(cin_ctl_t *cin, int *val) (function) of file cin.h is not documented.
/home/travis/build/NSLS-II/libcin/src/cin.h:625: warning: Member cin_ctl_set_focus(cin_ctl_t *cin, int val) (function) of file cin.h is not documented.
/home/travis/build/NSLS-II/libcin/src/cin.h:626: warning: Member cin_ctl_get_focus(cin_ctl_t *cin, int *val) (function) of file cin.h is not documented.
/home/travis/build/NSLS-II/libcin/src/cin.h:627: warning: Member cin_ctl_get_triggering(cin_ctl_t *cin, int *trigger) (function) of file cin.h is not documented.
/home/travis/build/NSLS-II/libcin/src/cin.h:628: warning: Member cin_ctl_int_trigger_start(cin_ctl_t *cin, int nimages) (function) of file cin.h is not documented.
/home/travis/build/NSLS-II/libcin/src/cin.h:629: warning: Member cin_ctl_int_trigger_stop(cin_ctl_t *cin) (function) of file cin.h is not documented.
/home/travis/build/NSLS-II/libcin/src/cin.h:630: warning: Member cin_ctl_ext_trigger_start(cin_ctl_t *cin, int trigger_mode) (function) of file cin.h is not documented.
/home/travis/build/NSLS-II/libcin/src/cin.h:631: warning: Member cin_ctl_ext_trigger_stop(cin_ctl_t *cin) (function) of file cin.h is not documented.
/home/travis/build/NSLS-II/libcin/src/cin.h:632: warning: Member cin_ctl_set_exposure_time(cin_ctl_t *cin, float e_time) (function) of file cin.h is not documented.
/home/travis/build/NSLS-II/libcin/src/cin.h:633: warning: Member cin_ctl_set_trigger_delay(cin_ctl_t *cin, float t_time) (function) of file cin.h is not documented.
/home/travis/build/NSLS-II/libcin/src/cin.h:634: warning: Member cin_ctl_set_cycle_time(cin_ctl_t *cin, float ftime) (function) of file cin.h is not documented.
/home/travis/build/NSLS-II/libcin/src/cin.h:635: warning: Member cin_ctl_frame_count_reset(cin_ctl_t *cin) (function) of file cin.h is not documented.
/home/travis/build/NSLS-II/libcin/src/cin.h:636: warning: Member cin_ctl_set_mux(cin_ctl_t *cin, int setting) (function) of file cin.h is not documented.
/home/travis/build/NSLS-II/libcin/src/cin.h:637: warning: Member cin_ctl_get_mux(cin_ctl_t *cin, int *setting) (function) of file cin.h is not documented.
/home/travis/build/NSLS-II/libcin/src/cin.h:638: warning: Member cin_ctl_set_fcric_clamp(cin_ctl_t *cin, int clamp) (function) of file cin.h is not documented.
/home/travis/build/NSLS-II/libcin/src/cin.h:639: warning: Member cin_ctl_set_fcric_gain(cin_ctl_t *cin, int gain) (function) of file cin.h is not documented.
/home/travis/build/NSLS-II/libcin/src/cin.h:645: warning: Member cin_ctl_set_fabric_address(cin_ctl_t *cin, char *ip) (function) of file cin.h is not documented.
/home/travis/build/NSLS-II/libcin/src/cin.h:651: warning: Member cin_ctl_reg_dump(cin_ctl_t *cin, FILE *fp) (function) of file cin.h is not documented.
/home/travis/build/NSLS-II/libcin/src/cin.h:657: warning: Member cin_ctl_get_bias_voltages(cin_ctl_t *cin, float *voltage) (function) of file cin.h is not documented.
/home/travis/build/NSLS-II/libcin/src/cin.h:658: warning: Member cin_ctl_set_bias_voltages(cin_ctl_t *cin, float *voltage) (function) of file cin.h is not documented.
/home/travis/build/NSLS-II/libcin/src/cin.h:664: warning: Member cin_config_read_file(cin_ctl_t *cin, const char *file) (function) of file cin.h is not documented.
/home/travis/build/NSLS-II/libcin/src/cin.h:780: warning: Member cin_data_get_next_frame(cin_data_t *cin) (function) of file cin.h is not documented.
/home/travis/build/NSLS-II/libcin/src/cin.h:781: warning: Member cin_data_release_frame(cin_data_t *cin, int free_mem) (function) of file cin.h is not documented.
/home/travis/build/NSLS-II/libcin/src/cin.h:783: warning: Member cin_data_get_buffered_frame(void) (function) of file cin.h is not documented.
/home/travis/build/NSLS-II/libcin/src/cin.h:784: warning: Member cin_data_release_buffered_frame(void) (function) of file cin.h is not documented.
/home/travis/build/NSLS-II/libcin/src/cin.h:786: warning: Member cin_data_compute_stats(cin_data_t *cin, cin_data_stats_t *stats) (function) of file cin.h is not documented.
/home/travis/build/NSLS-II/libcin/src/cin.h:787: warning: Member cin_data_show_stats(FILE *fp, cin_data_stats_t stats) (function) of file cin.h is not documented.
/home/travis/build/NSLS-II/libcin/src/cin.h:788: warning: Member cin_data_reset_stats(cin_data_t *cin) (function) of file cin.h is not documented.
/home/travis/build/NSLS-II/libcin/src/cin.h:791: warning: Member cin_data_set_descramble_params(cin_data_t *cin, int rows, int overscan) (function) of file cin.h is not documented.
/home/travis/build/NSLS-II/libcin/src/cin.h:792: warning: Member cin_data_get_descramble_params(cin_data_t *cin, int *rows, int *overscan, int *xsize, int *ysize) (function) of file cin.h is not documented.
/home/travis/build/NSLS-II/libcin/src/cin.h:57: warning: Member cin_build_git_time (variable) of file cin.h is not documented.
/home/travis/build/NSLS-II/libcin/src/cin.h:58: warning: Member cin_build_git_sha (variable) of file cin.h is not documented.
/home/travis/build/NSLS-II/libcin/src/cin.h:59: warning: Member cin_build_version (variable) of file cin.h is not documented.
/home/travis/build/NSLS-II/libcin/src/cin.h:229: warning: Member _debug_print_flag (variable) of file cin.h is not documented.
/home/travis/build/NSLS-II/libcin/src/cin.h:230: warning: Member _error_print_flag (variable) of file cin.h is not documented.
/home/travis/build/NSLS-II/libcin/src/cin.h:585: warning: Member cin_ctl_pwr(cin_ctl_t *cin, int pwr) (function) of group cin_ctl_rw is not documented.
/home/travis/build/NSLS-II/libcin/src/cin.h:586: warning: Member cin_ctl_fp_pwr(cin_ctl_t *cin, int pwr) (function) of group cin_ctl_rw is not documented.
/home/travis/build/NSLS-II/libcin/src/cin.h:587: warning: Member cin_ctl_fo_test_pattern(cin_ctl_t *cin, int on_off) (function) of group cin_ctl_rw is not documented.
/home/travis/build/NSLS-II/libcin/src/cin.h:311: warning: Member ctl_port (variable) of class cin_ctl is not documented.
/home/travis/build/NSLS-II/libcin/src/cin.h:312: warning: Member stream_port (variable) of class cin_ctl is not documented.
/home/travis/build/NSLS-II/libcin/src/cin.h:315: warning: Member config (variable) of class cin_ctl is not documented.
/home/travis/build/NSLS-II/libcin/src/cin.h:318: warning: Member listener (variable) of class cin_ctl is not documented.
/home/travis/build/NSLS-II/libcin/src/cin.h:319: warning: Member access (variable) of class cin_ctl is not documented.
/home/travis/build/NSLS-II/libcin/src/cin.h:320: warning: Member access_attr (variable) of class cin_ctl is not documented.
/home/travis/build/NSLS-II/libcin/src/cin.h:257: warning: Member name[CIN_CONFIG_MAX_STRING] (variable) of class cin_ctl_config is not documented.
/home/travis/build/NSLS-II/libcin/src/cin.h:258: warning: Member firmware_filename[CIN_CONFIG_MAX_STRING] (variable) of class cin_ctl_config is not documented.
/home/travis/build/NSLS-II/libcin/src/cin.h:259: warning: Member overscan (variable) of class cin_ctl_config is not documented.
/home/travis/build/NSLS-II/libcin/src/cin.h:260: warning: Member columns (variable) of class cin_ctl_config is not documented.
/home/travis/build/NSLS-II/libcin/src/cin.h:261: warning: Member fclk (variable) of class cin_ctl_config is not documented.
/home/travis/build/NSLS-II/libcin/src/cin.h:262: warning: Member timing[CIN_CONFIG_MAX_DATA][2] (variable) of class cin_ctl_config is not documented.
/home/travis/build/NSLS-II/libcin/src/cin.h:263: warning: Member timing_len (variable) of class cin_ctl_config is not documented.
/home/travis/build/NSLS-II/libcin/src/cin.h:264: warning: Member fcric[CIN_CONFIG_MAX_DATA][2] (variable) of class cin_ctl_config is not documented.
/home/travis/build/NSLS-II/libcin/src/cin.h:265: warning: Member fcric_len (variable) of class cin_ctl_config is not documented.
/home/travis/build/NSLS-II/libcin/src/cin.h:266: warning: Member bias[CIN_CONFIG_MAX_DATA][2] (variable) of class cin_ctl_config is not documented.
/home/travis/build/NSLS-II/libcin/src/cin.h:267: warning: Member bias_len (variable) of class cin_ctl_config is not documented.
/home/travis/build/NSLS-II/libcin/src/cin.h:434: warning: Member board_id (variable) of class cin_ctl_id is not documented.
/home/travis/build/NSLS-II/libcin/src/cin.h:435: warning: Member serial_no (variable) of class cin_ctl_id is not documented.
/home/travis/build/NSLS-II/libcin/src/cin.h:436: warning: Member fpga_ver (variable) of class cin_ctl_id is not documented.
/home/travis/build/NSLS-II/libcin/src/cin.h:288: warning: Member cp (variable) of class cin_ctl_listener is not documented.
/home/travis/build/NSLS-II/libcin/src/cin.h:289: warning: Member ctl_fifo (variable) of class cin_ctl_listener is not documented.
/home/travis/build/NSLS-II/libcin/src/cin.h:290: warning: Member thread_id (variable) of class cin_ctl_listener is not documented.
/home/travis/build/NSLS-II/libcin/src/cin.h:291: warning: Member barrier (variable) of class cin_ctl_listener is not documented.
/home/travis/build/NSLS-II/libcin/src/cin.h:445: warning: Member bus_12v0 (variable) of class cin_ctl_pwr_mon_t is not documented.
/home/travis/build/NSLS-II/libcin/src/cin.h:446: warning: Member mgmt_3v3 (variable) of class cin_ctl_pwr_mon_t is not documented.
/home/travis/build/NSLS-II/libcin/src/cin.h:447: warning: Member mgmt_2v5 (variable) of class cin_ctl_pwr_mon_t is not documented.
/home/travis/build/NSLS-II/libcin/src/cin.h:448: warning: Member mgmt_1v2 (variable) of class cin_ctl_pwr_mon_t is not documented.
/home/travis/build/NSLS-II/libcin/src/cin.h:449: warning: Member enet_1v0 (variable) of class cin_ctl_pwr_mon_t is not documented.
/home/travis/build/NSLS-II/libcin/src/cin.h:450: warning: Member s3e_3v3 (variable) of class cin_ctl_pwr_mon_t is not documented.
/home/travis/build/NSLS-II/libcin/src/cin.h:451: warning: Member gen_3v3 (variable) of class cin_ctl_pwr_mon_t is not documented.
/home/travis/build/NSLS-II/libcin/src/cin.h:452: warning: Member gen_2v5 (variable) of class cin_ctl_pwr_mon_t is not documented.
/home/travis/build/NSLS-II/libcin/src/cin.h:453: warning: Member v6_0v9 (variable) of class cin_ctl_pwr_mon_t is not documented.
/home/travis/build/NSLS-II/libcin/src/cin.h:454: warning: Member v6_1v0 (variable) of class cin_ctl_pwr_mon_t is not documented.
/home/travis/build/NSLS-II/libcin/src/cin.h:455: warning: Member v6_2v5 (variable) of class cin_ctl_pwr_mon_t is not documented.
/home/travis/build/NSLS-II/libcin/src/cin.h:456: warning: Member fp (variable) of class cin_ctl_pwr_mon_t is not documented.
/home/travis/build/NSLS-II/libcin/src/cin.h:440: warning: Member i (variable) of class cin_ctl_pwr_val is not documented.
/home/travis/build/NSLS-II/libcin/src/cin.h:441: warning: Member v (variable) of class cin_ctl_pwr_val is not documented.
/home/travis/build/NSLS-II/libcin/src/cin.h:380: warning: Member packet_fifo (variable) of class cin_data is not documented.
/home/travis/build/NSLS-II/libcin/src/cin.h:381: warning: Member frame_fifo (variable) of class cin_data is not documented.
/home/travis/build/NSLS-II/libcin/src/cin.h:382: warning: Member image_fifo (variable) of class cin_data is not documented.
/home/travis/build/NSLS-II/libcin/src/cin.h:386: warning: Member listen_thread (variable) of class cin_data is not documented.
/home/travis/build/NSLS-II/libcin/src/cin.h:387: warning: Member assembler_thread (variable) of class cin_data is not documented.
/home/travis/build/NSLS-II/libcin/src/cin.h:388: warning: Member descramble_thread (variable) of class cin_data is not documented.
/home/travis/build/NSLS-II/libcin/src/cin.h:389: warning: Member listen_mutex (variable) of class cin_data is not documented.
/home/travis/build/NSLS-II/libcin/src/cin.h:390: warning: Member assembler_mutex (variable) of class cin_data is not documented.
/home/travis/build/NSLS-II/libcin/src/cin.h:391: warning: Member descramble_mutex (variable) of class cin_data is not documented.
/home/travis/build/NSLS-II/libcin/src/cin.h:392: warning: Member stats_mutex (variable) of class cin_data is not documented.
/home/travis/build/NSLS-II/libcin/src/cin.h:393: warning: Member framestore_mutex (variable) of class cin_data is not documented.
/home/travis/build/NSLS-II/libcin/src/cin.h:397: warning: Member callbacks (variable) of class cin_data is not documented.
/home/travis/build/NSLS-II/libcin/src/cin.h:400: warning: Member dp (variable) of class cin_data is not documented.
/home/travis/build/NSLS-II/libcin/src/cin.h:400: warning: Member framerate (variable) of class cin_data is not documented.
/home/travis/build/NSLS-II/libcin/src/cin.h:404: warning: Member dropped_packets (variable) of class cin_data is not documented.
/home/travis/build/NSLS-II/libcin/src/cin.h:405: warning: Member mallformed_packets (variable) of class cin_data is not documented.
/home/travis/build/NSLS-II/libcin/src/cin.h:406: warning: Member last_frame (variable) of class cin_data is not documented.
/home/travis/build/NSLS-II/libcin/src/cin.h:409: warning: Member map (variable) of class cin_data is not documented.
/home/travis/build/NSLS-II/libcin/src/cin.h:412: warning: Member framestore_mode (variable) of class cin_data is not documented.
/home/travis/build/NSLS-II/libcin/src/cin.h:412: warning: Member framestore_trigger (variable) of class cin_data is not documented.
/home/travis/build/NSLS-II/libcin/src/cin.h:414: warning: Member framestore_counter (variable) of class cin_data is not documented.
/home/travis/build/NSLS-II/libcin/src/cin.h:364: warning: Member push)(cin_data_frame_t *) (variable) of class cin_data_callbacks is not documented.
/home/travis/build/NSLS-II/libcin/src/cin.h:365: warning: Member pop)(cin_data_frame_t *) (variable) of class cin_data_callbacks is not documented.
/home/travis/build/NSLS-II/libcin/src/cin.h:366: warning: Member frame (variable) of class cin_data_callbacks is not documented.
/home/travis/build/NSLS-II/libcin/src/cin.h:325: warning: Member data (variable) of class cin_data_frame is not documented.
/home/travis/build/NSLS-II/libcin/src/cin.h:326: warning: Member number (variable) of class cin_data_frame is not documented.
/home/travis/build/NSLS-II/libcin/src/cin.h:326: warning: Member timestamp (variable) of class cin_data_frame is not documented.
/home/travis/build/NSLS-II/libcin/src/cin.h:328: warning: Member size_x (variable) of class cin_data_frame is not documented.
/home/travis/build/NSLS-II/libcin/src/cin.h:329: warning: Member size_y (variable) of class cin_data_frame is not documented.
/home/travis/build/NSLS-II/libcin/src/cin.h:330: warning: Member usr_ptr (variable) of class cin_data_frame is not documented.
/home/travis/build/NSLS-II/libcin/src/data.h:54: warning: Member data (variable) of class cin_data_packet is not documented.
/home/travis/build/NSLS-II/libcin/src/data.h:55: warning: Member size (variable) of class cin_data_packet is not documented.
/home/travis/build/NSLS-II/libcin/src/data.h:55: warning: Member timestamp (variable) of class cin_data_packet is not documented.
/home/travis/build/NSLS-II/libcin/src/data.h:61: warning: Member input_get)(void *, int) (variable) of class cin_data_proc is not documented.
/home/travis/build/NSLS-II/libcin/src/data.h:62: warning: Member input_put)(void *, int) (variable) of class cin_data_proc is not documented.
/home/travis/build/NSLS-II/libcin/src/data.h:63: warning: Member input_args (variable) of class cin_data_proc is not documented.
/home/travis/build/NSLS-II/libcin/src/data.h:64: warning: Member reader (variable) of class cin_data_proc is not documented.
/home/travis/build/NSLS-II/libcin/src/data.h:67: warning: Member output_put)(void *) (variable) of class cin_data_proc is not documented.
/home/travis/build/NSLS-II/libcin/src/data.h:68: warning: Member output_get)(void *) (variable) of class cin_data_proc is not documented.
/home/travis/build/NSLS-II/libcin/src/data.h:69: warning: Member output_args (variable) of class cin_data_proc is not documented.
/home/travis/build/NSLS-II/libcin/src/data.h:74: warning: Member parent (variable) of class cin_data_proc is not documented.
/home/travis/build/NSLS-II/libcin/src/cin.h:336: warning: Member last_frame (variable) of class cin_data_stats is not documented.
/home/travis/build/NSLS-II/libcin/src/cin.h:337: warning: Member framerate (variable) of class cin_data_stats is not documented.
/home/travis/build/NSLS-II/libcin/src/cin.h:338: warning: Member datarate (variable) of class cin_data_stats is not documented.
/home/travis/build/NSLS-II/libcin/src/cin.h:342: warning: Member packet_percent_full (variable) of class cin_data_stats is not documented.
/home/travis/build/NSLS-II/libcin/src/cin.h:343: warning: Member frame_percent_full (variable) of class cin_data_stats is not documented.
/home/travis/build/NSLS-II/libcin/src/cin.h:344: warning: Member image_percent_full (variable) of class cin_data_stats is not documented.
/home/travis/build/NSLS-II/libcin/src/cin.h:345: warning: Member packet_overruns (variable) of class cin_data_stats is not documented.
/home/travis/build/NSLS-II/libcin/src/cin.h:346: warning: Member frame_overruns (variable) of class cin_data_stats is not documented.
/home/travis/build/NSLS-II/libcin/src/cin.h:347: warning: Member image_overruns (variable) of class cin_data_stats is not documented.
/home/travis/build/NSLS-II/libcin/src/cin.h:348: warning: Member packet_used (variable) of class cin_data_stats is not documented.
/home/travis/build/NSLS-II/libcin/src/cin.h:349: warning: Member frame_used (variable) of class cin_data_stats is not documented.
/home/travis/build/NSLS-II/libcin/src/cin.h:350: warning: Member image_used (variable) of class cin_data_stats is not documented.
/home/travis/build/NSLS-II/libcin/src/cin.h:354: warning: Member dropped_packets (variable) of class cin_data_stats is not documented.
/home/travis/build/NSLS-II/libcin/src/cin.h:355: warning: Member mallformed_packets (variable) of class cin_data_stats is not documented.
/home/travis/build/NSLS-II/libcin/src/cin.h:359: warning: Member thread_id (variable) of class cin_data_threads is not documented.
/home/travis/build/NSLS-II/libcin/src/cin.h:360: warning: Member started (variable) of class cin_data_threads is not documented.
/home/travis/build/NSLS-II/libcin/src/cinregisters.h:5: warning: Member name (variable) of class cin_map_t is not documented.
/home/travis/build/NSLS-II/libcin/src/cinregisters.h:6: warning: Member reg (variable) of class cin_map_t is not documented.
/home/travis/build/NSLS-II/libcin/src/cin.h:295: warning: Member srvaddr (variable) of class cin_port is not documented.
/home/travis/build/NSLS-II/libcin/src/cin.h:296: warning: Member cliaddr (variable) of class cin_port is not documented.
/home/travis/build/NSLS-II/libcin/src/cin.h:297: warning: Member srvport (variable) of class cin_port is not documented.
/home/travis/build/NSLS-II/libcin/src/cin.h:298: warning: Member cliport (variable) of class cin_port is not documented.
/home/travis/build/NSLS-II/libcin/src/cin.h:299: warning: Member sockfd (variable) of class cin_port is not documented.
/home/travis/build/NSLS-II/libcin/src/cin.h:299: warning: Member tv (variable) of class cin_port is not documented.
/home/travis/build/NSLS-II/libcin/src/cin.h:299: warning: Member sin_srv (variable) of class cin_port is not documented.
/home/travis/build/NSLS-II/libcin/src/cin.h:299: warning: Member sin_cli (variable) of class cin_port is not documented.
/home/travis/build/NSLS-II/libcin/src/cin.h:303: warning: Member slen (variable) of class cin_port is not documented.
/home/travis/build/NSLS-II/libcin/src/cin.h:304: warning: Member rcvbuf (variable) of class cin_port is not documented.
/home/travis/build/NSLS-II/libcin/src/cin.h:305: warning: Member rcvbuf_rb (variable) of class cin_port is not documented.
/home/travis/build/NSLS-II/libcin/src/cin.h:370: warning: Member map (variable) of class descramble_map_t is not documented.
/home/travis/build/NSLS-II/libcin/src/cin.h:371: warning: Member size_x (variable) of class descramble_map_t is not documented.
/home/travis/build/NSLS-II/libcin/src/cin.h:372: warning: Member size_y (variable) of class descramble_map_t is not documented.
/home/travis/build/NSLS-II/libcin/src/cin.h:373: warning: Member overscan (variable) of class descramble_map_t is not documented.
/home/travis/build/NSLS-II/libcin/src/cin.h:374: warning: Member rows (variable) of class descramble_map_t is not documented.
/home/travis/build/NSLS-II/libcin/src/cin.h:273: warning: Member data (variable) of class fifo is not documented.
/home/travis/build/NSLS-II/libcin/src/cin.h:274: warning: Member head (variable) of class fifo is not documented.
/home/travis/build/NSLS-II/libcin/src/cin.h:275: warning: Member tail[FIFO_MAX_READERS] (variable) of class fifo is not documented.
/home/travis/build/NSLS-II/libcin/src/cin.h:276: warning: Member end (variable) of class fifo is not documented.
/home/travis/build/NSLS-II/libcin/src/cin.h:277: warning: Member readers (variable) of class fifo is not documented.
/home/travis/build/NSLS-II/libcin/src/cin.h:278: warning: Member size (variable) of class fifo is not documented.
/home/travis/build/NSLS-II/libcin/src/cin.h:279: warning: Member elem_size (variable) of class fifo is not documented.
/home/travis/build/NSLS-II/libcin/src/cin.h:280: warning: Member full (variable) of class fifo is not documented.
/home/travis/build/NSLS-II/libcin/src/cin.h:281: warning: Member overruns (variable) of class fifo is not documented.
/home/travis/build/NSLS-II/libcin/src/cin.h:282: warning: Member mutex (variable) of class fifo is not documented.
/home/travis/build/NSLS-II/libcin/src/cin.h:283: warning: Member signal (variable) of class fifo is not documented.
late instances...
Building page list...
Search for main page...
Computing page relations...
Determining the scope of groups...
Sorting lists...
Freeing entry tree
Determining which enums are documented
Computing member relations...
Building full member lists recursively...
Adding members to member groups.
Computing member references...
Inheriting documentation...
Generating disk names...
Adding source references...
Adding xrefitems...
Sorting member lists...
Computing dependencies between directories...
Generating citations page...
Counting data structures...
Resolving user defined references...
Finding anchors and sections in the documentation...
Transferring function references...
Combining using relations...
Adding members to index pages...
Generating style sheet...
Generating search indices...
Generating example documentation...
Generating file sources...
Generating code for file src/cin.h...
Generating code for file src/cin_register_map.h...
Generating code for file src/cinregisters.h...
Generating code for file src/common.h...
Generating code for file src/config.h...
Generating code for file src/control.h...
Generating code for file src/data.h...
Generating code for file src/descramble.h...
Generating code for file src/descramble_map.h...
Generating code for file src/fclk_program.h...
Generating code for file src/fifo.h...
Generating code for file src/report.h...
Generating code for file src/version.h...
Generating file documentation...
Generating docs for file src/cin.h...
Generating page documentation...
Generating group documentation...
Generating class documentation...
Generating docs for compound cin_ctl...
Generating docs for compound cin_ctl_config...
Generating docs for compound cin_ctl_id...
Generating docs for compound cin_ctl_listener...
Generating docs for compound cin_ctl_pwr_mon_t...
Generating docs for compound cin_ctl_pwr_val...
Generating docs for compound cin_data...
Generating docs for compound cin_data_callbacks...
Generating docs for compound cin_data_frame...
Generating docs for compound cin_data_packet...
Generating docs for compound cin_data_proc...
Generating docs for compound cin_data_stats...
Generating docs for compound cin_data_threads...
Generating docs for compound cin_map_t...
Generating docs for compound cin_port...
Generating docs for compound descramble_map_t...
Generating docs for compound fifo...
Generating namespace index...
Generating graph info page...
Generating directory documentation...
Generating index page...
Generating page index...
Generating module index...
Generating namespace index...
Generating namespace member index...
Generating annotated compound index...
Generating alphabetical compound index...
Generating hierarchical class index...
Generating member index...
Generating file index...
Generating file member index...
Generating example index...
finalizing index lists...
writing tag file...
lookup cache used 381/65536 hits=2699 misses=401
finished...
make -C doc/latex
make[1]: Entering directory `/home/travis/build/NSLS-II/libcin/doc/latex'
rm -f *.ps *.dvi *.aux *.toc *.idx *.ind *.ilg *.log *.out *.brf *.blg *.bbl refman.pdf
pdflatex refman
This is pdfTeX, Version 3.1415926-2.5-1.40.14 (TeX Live 2013/Debian)
 restricted \write18 enabled.
entering extended mode
(./refman.tex
LaTeX2e <2011/06/27>
Babel <3.9h> and hyphenation patterns for 2 languages loaded.
(/usr/share/texlive/texmf-dist/tex/latex/base/book.cls
Document Class: book 2007/10/19 v1.4h Standard LaTeX document class
(/usr/share/texlive/texmf-dist/tex/latex/base/bk10.clo))
(/usr/share/texlive/texmf-dist/tex/latex/base/fixltx2e.sty)
(/usr/share/texlive/texmf-dist/tex/latex/tools/calc.sty) (./doxygen.sty
(/usr/share/texlive/texmf-dist/tex/latex/base/alltt.sty)
(/usr/share/texlive/texmf-dist/tex/latex/tools/array.sty)
(/usr/share/texlive/texmf-dist/tex/latex/float/float.sty)
(/usr/share/texlive/texmf-dist/tex/latex/base/ifthen.sty)
(/usr/share/texlive/texmf-dist/tex/latex/tools/verbatim.sty)
(/usr/share/texmf/tex/latex/xcolor/xcolor.sty
(/usr/share/texlive/texmf-dist/tex/latex/latexconfig/color.cfg)
(/usr/share/texlive/texmf-dist/tex/latex/pdftex-def/pdftex.def
(/usr/share/texlive/texmf-dist/tex/generic/oberdiek/infwarerr.sty)
(/usr/share/texlive/texmf-dist/tex/generic/oberdiek/ltxcmds.sty))
(/usr/share/texlive/texmf-dist/tex/latex/colortbl/colortbl.sty))
(/usr/share/texlive/texmf-dist/tex/latex/tools/longtable.sty)
(/usr/share/texlive/texmf-dist/tex/latex/tabu/tabu.sty
(/usr/share/texlive/texmf-dist/tex/latex/varwidth/varwidth.sty))
(/usr/share/texlive/texmf-dist/tex/latex/tools/tabularx.sty)
(/usr/share/texlive/texmf-dist/tex/latex/multirow/multirow.sty))
(/usr/share/texlive/texmf-dist/tex/latex/adjustbox/adjustbox.sty
(/usr/share/texlive/texmf-dist/tex/latex/xkeyval/xkeyval.sty
(/usr/share/texlive/texmf-dist/tex/generic/xkeyval/xkeyval.tex
(/usr/share/texlive/texmf-dist/tex/generic/xkeyval/keyval.tex)))
(/usr/share/texlive/texmf-dist/tex/latex/adjustbox/adjcalc.sty)
(/usr/share/texlive/texmf-dist/tex/latex/adjustbox/trimclip.sty
(/usr/share/texlive/texmf-dist/tex/latex/graphics/graphicx.sty
(/usr/share/texlive/texmf-dist/tex/latex/graphics/graphics.sty
(/usr/share/texlive/texmf-dist/tex/latex/graphics/trig.sty)
(/usr/share/texlive/texmf-dist/tex/latex/latexconfig/graphics.cfg)))
(/usr/share/texlive/texmf-dist/tex/latex/collectbox/collectbox.sty)
(/usr/share/texlive/texmf-dist/tex/latex/adjustbox/tc-pdftex.def))
(/usr/share/texlive/texmf-dist/tex/latex/ifoddpage/ifoddpage.sty))
(/usr/share/texlive/texmf-dist/tex/latex/base/inputenc.sty
(/usr/share/texlive/texmf-dist/tex/latex/base/utf8.def
(/usr/share/texlive/texmf-dist/tex/latex/base/t1enc.dfu)
(/usr/share/texlive/texmf-dist/tex/latex/base/ot1enc.dfu)
(/usr/share/texlive/texmf-dist/tex/latex/base/omsenc.dfu)))
(/usr/share/texlive/texmf-dist/tex/latex/base/makeidx.sty)
(/usr/share/texlive/texmf-dist/tex/latex/tools/multicol.sty)
(/usr/share/texlive/texmf-dist/tex/latex/base/textcomp.sty
(/usr/share/texlive/texmf-dist/tex/latex/base/ts1enc.def
(/usr/share/texlive/texmf-dist/tex/latex/base/ts1enc.dfu)))
(/usr/share/texlive/texmf-dist/tex/latex/wasysym/wasysym.sty)
(/usr/share/texlive/texmf-dist/tex/latex/base/fontenc.sty
(/usr/share/texlive/texmf-dist/tex/latex/base/t1enc.def))
(/usr/share/texlive/texmf-dist/tex/latex/psnfss/helvet.sty)
(/usr/share/texlive/texmf-dist/tex/latex/psnfss/courier.sty)
(/usr/share/texlive/texmf-dist/tex/latex/amsfonts/amssymb.sty
(/usr/share/texlive/texmf-dist/tex/latex/amsfonts/amsfonts.sty))
(/usr/share/texlive/texmf-dist/tex/latex/sectsty/sectsty.sty)
(/usr/share/texlive/texmf-dist/tex/latex/geometry/geometry.sty
(/usr/share/texlive/texmf-dist/tex/generic/oberdiek/ifpdf.sty)
(/usr/share/texlive/texmf-dist/tex/generic/oberdiek/ifvtex.sty)
(/usr/share/texlive/texmf-dist/tex/generic/ifxetex/ifxetex.sty))
(/usr/share/texlive/texmf-dist/tex/latex/fancyhdr/fancyhdr.sty)
(/usr/share/texlive/texmf-dist/tex/latex/natbib/natbib.sty)
(/usr/share/texlive/texmf-dist/tex/latex/tocloft/tocloft.sty)
Writing index file refman.idx
(/usr/share/texlive/texmf-dist/tex/latex/hyperref/hyperref.sty
(/usr/share/texlive/texmf-dist/tex/generic/oberdiek/hobsub-hyperref.sty
(/usr/share/texlive/texmf-dist/tex/generic/oberdiek/hobsub-generic.sty))
(/usr/share/texlive/texmf-dist/tex/latex/oberdiek/auxhook.sty)
(/usr/share/texlive/texmf-dist/tex/latex/oberdiek/kvoptions.sty)
(/usr/share/texlive/texmf-dist/tex/latex/hyperref/pd1enc.def)
(/usr/share/texlive/texmf-dist/tex/latex/latexconfig/hyperref.cfg)
(/usr/share/texlive/texmf-dist/tex/latex/hyperref/backref.sty
(/usr/share/texlive/texmf-dist/tex/latex/oberdiek/rerunfilecheck.sty))
(/usr/share/texlive/texmf-dist/tex/latex/url/url.sty))

Package hyperref Message: Driver: hpdftex.

(/usr/share/texlive/texmf-dist/tex/latex/hyperref/hpdftex.def)
(/usr/share/texlive/texmf-dist/tex/latex/hyperref/puenc.def)
(/usr/share/texlive/texmf-dist/tex/latex/caption/caption.sty
(/usr/share/texlive/texmf-dist/tex/latex/caption/caption3.sty)
(/usr/share/texlive/texmf-dist/tex/latex/caption/ltcaption.sty))
No file refman.aux.
(/usr/share/texlive/texmf-dist/tex/latex/base/ts1cmr.fd)
(/usr/share/texlive/texmf-dist/tex/latex/psnfss/t1phv.fd)
(/usr/share/texlive/texmf-dist/tex/context/base/supp-pdf.mkii
[Loading MPS to PDF converter (version 2006.09.02).]
) (/usr/share/texlive/texmf-dist/tex/latex/oberdiek/epstopdf-base.sty
(/usr/share/texlive/texmf-dist/tex/latex/oberdiek/grfext.sty)
(/usr/share/texlive/texmf-dist/tex/latex/latexconfig/epstopdf-sys.cfg))
*geometry* driver: auto-detecting
*geometry* detected driver: pdftex
(/usr/share/texlive/texmf-dist/tex/latex/hyperref/nameref.sty
(/usr/share/texlive/texmf-dist/tex/generic/oberdiek/gettitlestring.sty))
[1{/var/lib/texmf/fonts/map/pdftex/updmap/pdftex.map}] [2] [1] [2]
Chapter 1.
(/usr/share/texlive/texmf-dist/tex/latex/wasysym/uwasy.fd)
(/usr/share/texlive/texmf-dist/tex/latex/amsfonts/umsa.fd)
(/usr/share/texlive/texmf-dist/tex/latex/amsfonts/umsb.fd) (./index.tex
(/usr/share/texlive/texmf-dist/tex/latex/psnfss/t1pcr.fd)
(/usr/share/texlive/texmf-dist/tex/latex/psnfss/ts1phv.fd)) [1] [2]
Chapter 2.
(./modules.tex

LaTeX Warning: Reference `group__cin__ctl__init' on page 3 undefined on input l
ine 3.


LaTeX Warning: Reference `group__cin__ctl__rw' on page 3 undefined on input lin
e 4.


LaTeX Warning: Reference `group__cin__data__init' on page 3 undefined on input 
line 5.


LaTeX Warning: Reference `group__cin__data__framestore' on page 3 undefined on 
input line 6.

) [3] [4]
Chapter 3.
(./annotated.tex

LaTeX Warning: Reference `structcin__ctl' on page 5 undefined on input line 3.


LaTeX Warning: Reference `structcin__ctl__config' on page 5 undefined on input 
line 4.


LaTeX Warning: Reference `structcin__ctl__id' on page 5 undefined on input line
 5.


LaTeX Warning: Reference `structcin__ctl__listener' on page 5 undefined on inpu
t line 6.


LaTeX Warning: Reference `structcin__ctl__pwr__mon__t' on page 5 undefined on i
nput line 7.


LaTeX Warning: Reference `structcin__ctl__pwr__val' on page 5 undefined on inpu
t line 8.


LaTeX Warning: Reference `structcin__data' on page 5 undefined on input line 9.



LaTeX Warning: Reference `structcin__data__callbacks' on page 5 undefined on in
put line 10.


LaTeX Warning: Reference `structcin__data__frame' on page 5 undefined on input 
line 11.


LaTeX Warning: Reference `structcin__data__packet' on page 5 undefined on input
 line 12.


LaTeX Warning: Reference `structcin__data__proc' on page 5 undefined on input l
ine 13.


LaTeX Warning: Reference `structcin__data__stats' on page 5 undefined on input 
line 14.


LaTeX Warning: Reference `structcin__data__threads' on page 5 undefined on inpu
t line 15.


LaTeX Warning: Reference `structcin__map__t' on page 5 undefined on input line 
16.


LaTeX Warning: Reference `structcin__port' on page 5 undefined on input line 17
.


LaTeX Warning: Reference `structdescramble__map__t' on page 5 undefined on inpu
t line 18.


LaTeX Warning: Reference `structfifo' on page 5 undefined on input line 19.

) [5] [6]
Chapter 4.
(./files.tex

LaTeX Warning: Reference `cin_8h' on page 7 undefined on input line 3.


LaTeX Warning: Reference `cin__register__map_8h' on page 7 undefined on input l
ine 4.


LaTeX Warning: Reference `cinregisters_8h' on page 7 undefined on input line 5.



LaTeX Warning: Reference `common_8h' on page 7 undefined on input line 6.


LaTeX Warning: Reference `config_8h' on page 7 undefined on input line 7.


LaTeX Warning: Reference `control_8h' on page 7 undefined on input line 8.


LaTeX Warning: Reference `data_8h' on page 7 undefined on input line 9.


LaTeX Warning: Reference `descramble_8h' on page 7 undefined on input line 10.


LaTeX Warning: Reference `descramble__map_8h' on page 7 undefined on input line
 11.


LaTeX Warning: Reference `fclk__program_8h' on page 7 undefined on input line 1
2.


LaTeX Warning: Reference `fifo_8h' on page 7 undefined on input line 13.


LaTeX Warning: Reference `report_8h' on page 7 undefined on input line 14.


LaTeX Warning: Reference `version_8h' on page 7 undefined on input line 15.

) [7] [8]
Chapter 5.
(./group__cin__ctl__init.tex

Package longtable Warning: Column widths have changed
(longtable)                in table 5.1 on input line 30.


Underfull \hbox (badness 10000) detected at line 31
[][][]
[9]

Package longtable Warning: Column widths have changed
(longtable)                in table 5.2 on input line 60.


Underfull \hbox (badness 10000) detected at line 61
[][][]
) [10] (./group__cin__ctl__rw.tex

Package longtable Warning: Column widths have changed
(longtable)                in table 5.3 on input line 45.


Underfull \hbox (badness 10000) detected at line 46
[][][]
[11]

Package longtable Warning: Column widths have changed
(longtable)                in table 5.4 on input line 65.


Underfull \hbox (badness 10000) detected at line 68
[][][]

Package longtable Warning: Column widths have changed
(longtable)                in table 5.5 on input line 89.


Underfull \hbox (badness 10000) detected at line 92
[][][]
[12]

Package longtable Warning: Column widths have changed
(longtable)                in table 5.6 on input line 111.


Underfull \hbox (badness 10000) detected at line 114
[][][]
) [13] (./group__cin__data__init.tex

Package longtable Warning: Column widths have changed
(longtable)                in table 5.7 on input line 50.


Overfull \vbox (0.80386pt too high) has occurred while \output is active
[14]

Package longtable Warning: Column widths have changed
(longtable)                in table 5.8 on input line 65.

) [15] (./group__cin__data__framestore.tex

Package longtable Warning: Column widths have changed
(longtable)                in table 5.9 on input line 36.

[16]

Package longtable Warning: Column widths have changed
(longtable)                in table 5.10 on input line 51.


Package longtable Warning: Column widths have changed
(longtable)                in table 5.11 on input line 68.


Package longtable Warning: Column widths have changed
(longtable)                in table 5.12 on input line 83.

[17]

Package longtable Warning: Column widths have changed
(longtable)                in table 5.13 on input line 98.


Underfull \hbox (badness 10000) detected at line 99
[][][]
) [18]
Chapter 6.
(./structcin__ctl.tex) (./structcin__ctl__config.tex) (./structcin__ctl__id.tex
[19]) (./structcin__ctl__listener.tex) (./structcin__ctl__pwr__mon__t.tex)
(./structcin__ctl__pwr__val.tex) (./structcin__data.tex [20])
(./structcin__data__callbacks.tex) (./structcin__data__frame.tex [21])
(./structcin__data__packet.tex) (./structcin__data__proc.tex)
(./structcin__data__stats.tex [22]) (./structcin__data__threads.tex)
(./structcin__map__t.tex) (./structcin__port.tex [23])
(./structdescramble__map__t.tex) (./structfifo.tex) [24]
Chapter 7.
(./cin_8h.tex
Underfull \hbox (badness 10000) in paragraph at lines 3--10

[25] [26] [27] [28] [29]
Underfull \hbox (badness 10000) detected at line 667
[][][]
) [30]
No file refman.ind.

Package longtable Warning: Table widths have changed. Rerun LaTeX.

(./refman.aux (./group__cin__ctl__rw.aux) (./group__cin__data__init.aux)
(./group__cin__data__framestore.aux))

Package rerunfilecheck Warning: File `refman.out' has changed.
(rerunfilecheck)                Rerun to get outlines right
(rerunfilecheck)                or use package `bookmark'.


LaTeX Warning: There were undefined references.


LaTeX Warning: Label(s) may have changed. Rerun to get cross-references right.

 )
(see the transcript file for additional information){/usr/share/texlive/texmf-d
ist/fonts/enc/dvips/base/8r.enc}</usr/share/texlive/texmf-dist/fonts/type1/publ
ic/amsfonts/cm/cmmi10.pfb></usr/share/texlive/texmf-dist/fonts/type1/public/ams
fonts/cm/cmmi7.pfb></usr/share/texlive/texmf-dist/fonts/type1/public/amsfonts/c
m/cmsy10.pfb></usr/share/texlive/texmf-dist/fonts/type1/public/amsfonts/cm/cmsy
7.pfb></usr/share/texlive/texmf-dist/fonts/type1/public/amsfonts/cm/cmsy8.pfb><
/usr/share/texlive/texmf-dist/fonts/type1/urw/courier/ucrr8a.pfb></usr/share/te
xlive/texmf-dist/fonts/type1/urw/courier/ucrro8a.pfb></usr/share/texlive/texmf-
dist/fonts/type1/urw/helvetic/uhvb8a.pfb></usr/share/texlive/texmf-dist/fonts/t
ype1/urw/helvetic/uhvb8ac.pfb></usr/share/texlive/texmf-dist/fonts/type1/urw/he
lvetic/uhvr8a.pfb></usr/share/texlive/texmf-dist/fonts/type1/urw/helvetic/uhvro
8a.pfb>
Output written on refman.pdf (34 pages, 162193 bytes).
Transcript written on refman.log.
makeindex refman.idx
This is makeindex, version 2.15 [TeX Live 2013] (kpathsea + Thai support).
Scanning input file refman.idx....done (48 entries accepted, 0 rejected).
Sorting entries....done (279 comparisons).
Generating output file refman.ind....done (79 lines written, 0 warnings).
Output written in refman.ind.
Transcript written in refman.ilg.
pdflatex refman
This is pdfTeX, Version 3.1415926-2.5-1.40.14 (TeX Live 2013/Debian)
 restricted \write18 enabled.
entering extended mode
(./refman.tex
LaTeX2e <2011/06/27>
Babel <3.9h> and hyphenation patterns for 2 languages loaded.
(/usr/share/texlive/texmf-dist/tex/latex/base/book.cls
Document Class: book 2007/10/19 v1.4h Standard LaTeX document class
(/usr/share/texlive/texmf-dist/tex/latex/base/bk10.clo))
(/usr/share/texlive/texmf-dist/tex/latex/base/fixltx2e.sty)
(/usr/share/texlive/texmf-dist/tex/latex/tools/calc.sty) (./doxygen.sty
(/usr/share/texlive/texmf-dist/tex/latex/base/alltt.sty)
(/usr/share/texlive/texmf-dist/tex/latex/tools/array.sty)
(/usr/share/texlive/texmf-dist/tex/latex/float/float.sty)
(/usr/share/texlive/texmf-dist/tex/latex/base/ifthen.sty)
(/usr/share/texlive/texmf-dist/tex/latex/tools/verbatim.sty)
(/usr/share/texmf/tex/latex/xcolor/xcolor.sty
(/usr/share/texlive/texmf-dist/tex/latex/latexconfig/color.cfg)
(/usr/share/texlive/texmf-dist/tex/latex/pdftex-def/pdftex.def
(/usr/share/texlive/texmf-dist/tex/generic/oberdiek/infwarerr.sty)
(/usr/share/texlive/texmf-dist/tex/generic/oberdiek/ltxcmds.sty))
(/usr/share/texlive/texmf-dist/tex/latex/colortbl/colortbl.sty))
(/usr/share/texlive/texmf-dist/tex/latex/tools/longtable.sty)
(/usr/share/texlive/texmf-dist/tex/latex/tabu/tabu.sty
(/usr/share/texlive/texmf-dist/tex/latex/varwidth/varwidth.sty))
(/usr/share/texlive/texmf-dist/tex/latex/tools/tabularx.sty)
(/usr/share/texlive/texmf-dist/tex/latex/multirow/multirow.sty))
(/usr/share/texlive/texmf-dist/tex/latex/adjustbox/adjustbox.sty
(/usr/share/texlive/texmf-dist/tex/latex/xkeyval/xkeyval.sty
(/usr/share/texlive/texmf-dist/tex/generic/xkeyval/xkeyval.tex
(/usr/share/texlive/texmf-dist/tex/generic/xkeyval/keyval.tex)))
(/usr/share/texlive/texmf-dist/tex/latex/adjustbox/adjcalc.sty)
(/usr/share/texlive/texmf-dist/tex/latex/adjustbox/trimclip.sty
(/usr/share/texlive/texmf-dist/tex/latex/graphics/graphicx.sty
(/usr/share/texlive/texmf-dist/tex/latex/graphics/graphics.sty
(/usr/share/texlive/texmf-dist/tex/latex/graphics/trig.sty)
(/usr/share/texlive/texmf-dist/tex/latex/latexconfig/graphics.cfg)))
(/usr/share/texlive/texmf-dist/tex/latex/collectbox/collectbox.sty)
(/usr/share/texlive/texmf-dist/tex/latex/adjustbox/tc-pdftex.def))
(/usr/share/texlive/texmf-dist/tex/latex/ifoddpage/ifoddpage.sty))
(/usr/share/texlive/texmf-dist/tex/latex/base/inputenc.sty
(/usr/share/texlive/texmf-dist/tex/latex/base/utf8.def
(/usr/share/texlive/texmf-dist/tex/latex/base/t1enc.dfu)
(/usr/share/texlive/texmf-dist/tex/latex/base/ot1enc.dfu)
(/usr/share/texlive/texmf-dist/tex/latex/base/omsenc.dfu)))
(/usr/share/texlive/texmf-dist/tex/latex/base/makeidx.sty)
(/usr/share/texlive/texmf-dist/tex/latex/tools/multicol.sty)
(/usr/share/texlive/texmf-dist/tex/latex/base/textcomp.sty
(/usr/share/texlive/texmf-dist/tex/latex/base/ts1enc.def
(/usr/share/texlive/texmf-dist/tex/latex/base/ts1enc.dfu)))
(/usr/share/texlive/texmf-dist/tex/latex/wasysym/wasysym.sty)
(/usr/share/texlive/texmf-dist/tex/latex/base/fontenc.sty
(/usr/share/texlive/texmf-dist/tex/latex/base/t1enc.def))
(/usr/share/texlive/texmf-dist/tex/latex/psnfss/helvet.sty)
(/usr/share/texlive/texmf-dist/tex/latex/psnfss/courier.sty)
(/usr/share/texlive/texmf-dist/tex/latex/amsfonts/amssymb.sty
(/usr/share/texlive/texmf-dist/tex/latex/amsfonts/amsfonts.sty))
(/usr/share/texlive/texmf-dist/tex/latex/sectsty/sectsty.sty)
(/usr/share/texlive/texmf-dist/tex/latex/geometry/geometry.sty
(/usr/share/texlive/texmf-dist/tex/generic/oberdiek/ifpdf.sty)
(/usr/share/texlive/texmf-dist/tex/generic/oberdiek/ifvtex.sty)
(/usr/share/texlive/texmf-dist/tex/generic/ifxetex/ifxetex.sty))
(/usr/share/texlive/texmf-dist/tex/latex/fancyhdr/fancyhdr.sty)
(/usr/share/texlive/texmf-dist/tex/latex/natbib/natbib.sty)
(/usr/share/texlive/texmf-dist/tex/latex/tocloft/tocloft.sty)
Writing index file refman.idx
(/usr/share/texlive/texmf-dist/tex/latex/hyperref/hyperref.sty
(/usr/share/texlive/texmf-dist/tex/generic/oberdiek/hobsub-hyperref.sty
(/usr/share/texlive/texmf-dist/tex/generic/oberdiek/hobsub-generic.sty))
(/usr/share/texlive/texmf-dist/tex/latex/oberdiek/auxhook.sty)
(/usr/share/texlive/texmf-dist/tex/latex/oberdiek/kvoptions.sty)
(/usr/share/texlive/texmf-dist/tex/latex/hyperref/pd1enc.def)
(/usr/share/texlive/texmf-dist/tex/latex/latexconfig/hyperref.cfg)
(/usr/share/texlive/texmf-dist/tex/latex/hyperref/backref.sty
(/usr/share/texlive/texmf-dist/tex/latex/oberdiek/rerunfilecheck.sty))
(/usr/share/texlive/texmf-dist/tex/latex/url/url.sty))

Package hyperref Message: Driver: hpdftex.

(/usr/share/texlive/texmf-dist/tex/latex/hyperref/hpdftex.def)
(/usr/share/texlive/texmf-dist/tex/latex/hyperref/puenc.def)
(/usr/share/texlive/texmf-dist/tex/latex/caption/caption.sty
(/usr/share/texlive/texmf-dist/tex/latex/caption/caption3.sty)
(/usr/share/texlive/texmf-dist/tex/latex/caption/ltcaption.sty)) (./refman.aux
(./group__cin__ctl__rw.aux) (./group__cin__data__init.aux)
(./group__cin__data__framestore.aux))
(/usr/share/texlive/texmf-dist/tex/latex/base/ts1cmr.fd)
(/usr/share/texlive/texmf-dist/tex/latex/psnfss/t1phv.fd)
(/usr/share/texlive/texmf-dist/tex/context/base/supp-pdf.mkii
[Loading MPS to PDF converter (version 2006.09.02).]
) (/usr/share/texlive/texmf-dist/tex/latex/oberdiek/epstopdf-base.sty
(/usr/share/texlive/texmf-dist/tex/latex/oberdiek/grfext.sty)
(/usr/share/texlive/texmf-dist/tex/latex/latexconfig/epstopdf-sys.cfg))
*geometry* driver: auto-detecting
*geometry* detected driver: pdftex
(/usr/share/texlive/texmf-dist/tex/latex/hyperref/nameref.sty
(/usr/share/texlive/texmf-dist/tex/generic/oberdiek/gettitlestring.sty))
(./refman.out) (./refman.out) [1{/var/lib/texmf/fonts/map/pdftex/updmap/pdftex.
map}] [2] (./refman.toc
(/usr/share/texlive/texmf-dist/tex/latex/wasysym/uwasy.fd)
(/usr/share/texlive/texmf-dist/tex/latex/amsfonts/umsa.fd)
(/usr/share/texlive/texmf-dist/tex/latex/amsfonts/umsb.fd) [1]) [2]
Chapter 1.
(./index.tex (/usr/share/texlive/texmf-dist/tex/latex/psnfss/t1pcr.fd)
(/usr/share/texlive/texmf-dist/tex/latex/psnfss/ts1phv.fd)) [1] [2]
Chapter 2.
(./modules.tex) [3] [4]
Chapter 3.
(./annotated.tex) [5] [6]
Chapter 4.
(./files.tex

LaTeX Warning: Reference `cin__register__map_8h' on page 7 undefined on input l
ine 4.


LaTeX Warning: Reference `cinregisters_8h' on page 7 undefined on input line 5.



LaTeX Warning: Reference `common_8h' on page 7 undefined on input line 6.


LaTeX Warning: Reference `config_8h' on page 7 undefined on input line 7.


LaTeX Warning: Reference `control_8h' on page 7 undefined on input line 8.


LaTeX Warning: Reference `data_8h' on page 7 undefined on input line 9.


LaTeX Warning: Reference `descramble_8h' on page 7 undefined on input line 10.


LaTeX Warning: Reference `descramble__map_8h' on page 7 undefined on input line
 11.


LaTeX Warning: Reference `fclk__program_8h' on page 7 undefined on input line 1
2.


LaTeX Warning: Reference `fifo_8h' on page 7 undefined on input line 13.


LaTeX Warning: Reference `report_8h' on page 7 undefined on input line 14.


LaTeX Warning: Reference `version_8h' on page 7 undefined on input line 15.

) [7] [8]
Chapter 5.
(./group__cin__ctl__init.tex
Underfull \hbox (badness 10000) detected at line 31
[][][]
[9]
Underfull \hbox (badness 10000) detected at line 61
[][][]
) [10] (./group__cin__ctl__rw.tex
Underfull \hbox (badness 10000) detected at line 46
[][][]
[11]
Underfull \hbox (badness 10000) detected at line 68
[][][]

Underfull \hbox (badness 10000) detected at line 92
[][][]
[12]
Underfull \hbox (badness 10000) detected at line 114
[][][]
) [13] (./group__cin__data__init.tex
Overfull \vbox (0.80386pt too high) has occurred while \output is active
[14]) [15] (./group__cin__data__framestore.tex [16] [17]
Underfull \hbox (badness 10000) detected at line 99
[][][]
) [18]
Chapter 6.
(./structcin__ctl.tex) (./structcin__ctl__config.tex) (./structcin__ctl__id.tex
[19]) (./structcin__ctl__listener.tex) (./structcin__ctl__pwr__mon__t.tex)
(./structcin__ctl__pwr__val.tex) (./structcin__data.tex [20])
(./structcin__data__callbacks.tex) (./structcin__data__frame.tex [21])
(./structcin__data__packet.tex) (./structcin__data__proc.tex)
(./structcin__data__stats.tex [22]) (./structcin__data__threads.tex)
(./structcin__map__t.tex) (./structcin__port.tex [23])
(./structdescramble__map__t.tex) (./structfifo.tex) [24]
Chapter 7.
(./cin_8h.tex
Underfull \hbox (badness 10000) in paragraph at lines 3--10

[25] [26] [27] [28] [29]
Underfull \hbox (badness 10000) detected at line 667
[][][]
) [30] (./refman.ind [31]) (./refman.aux (./group__cin__ctl__rw.aux)
(./group__cin__data__init.aux) (./group__cin__data__framestore.aux))

Package rerunfilecheck Warning: File `refman.out' has changed.
(rerunfilecheck)                Rerun to get outlines right
(rerunfilecheck)                or use package `bookmark'.


LaTeX Warning: There were undefined references.

 )
(see the transcript file for additional information){/usr/share/texlive/texmf-d
ist/fonts/enc/dvips/base/8r.enc}</usr/share/texlive/texmf-dist/fonts/type1/publ
ic/amsfonts/cm/cmmi10.pfb></usr/share/texlive/texmf-dist/fonts/type1/public/ams
fonts/cm/cmmi7.pfb></usr/share/texlive/texmf-dist/fonts/type1/public/amsfonts/c
m/cmsy10.pfb></usr/share/texlive/texmf-dist/fonts/type1/public/amsfonts/cm/cmsy
7.pfb></usr/share/texlive/texmf-dist/fonts/type1/public/amsfonts/cm/cmsy8.pfb><
/usr/share/texlive/texmf-dist/fonts/type1/urw/courier/ucrr8a.pfb></usr/share/te
xlive/texmf-dist/fonts/type1/urw/courier/ucrro8a.pfb></usr/share/texlive/texmf-
dist/fonts/type1/urw/helvetic/uhvb8a.pfb></usr/share/texlive/texmf-dist/fonts/t
ype1/urw/helvetic/uhvb8ac.pfb></usr/share/texlive/texmf-dist/fonts/type1/urw/he
lvetic/uhvr8a.pfb></usr/share/texlive/texmf-dist/fonts/type1/urw/helvetic/uhvro
8a.pfb>
Output written on refman.pdf (35 pages, 172414 bytes).
Transcript written on refman.log.
latex_count=8 ; \
	while egrep -s 'Rerun (LaTeX|to get cross-references right)' refman.log && [ $latex_count -gt 0 ] ;\
	    do \
	      echo "Rerunning latex...." ;\
	      pdflatex refman ;\
	      latex_count=`expr $latex_count - 1` ;\
	    done
makeindex refman.idx
This is makeindex, version 2.15 [TeX Live 2013] (kpathsea + Thai support).
Scanning input file refman.idx....done (48 entries accepted, 0 rejected).
Sorting entries....done (279 comparisons).
Generating output file refman.ind....done (79 lines written, 0 warnings).
Output written in refman.ind.
Transcript written in refman.ilg.
pdflatex refman
This is pdfTeX, Version 3.1415926-2.5-1.40.14 (TeX Live 2013/Debian)
 restricted \write18 enabled.
entering extended mode
(./refman.tex
LaTeX2e <2011/06/27>
Babel <3.9h> and hyphenation patterns for 2 languages loaded.
(/usr/share/texlive/texmf-dist/tex/latex/base/book.cls
Document Class: book 2007/10/19 v1.4h Standard LaTeX document class
(/usr/share/texlive/texmf-dist/tex/latex/base/bk10.clo))
(/usr/share/texlive/texmf-dist/tex/latex/base/fixltx2e.sty)
(/usr/share/texlive/texmf-dist/tex/latex/tools/calc.sty) (./doxygen.sty
(/usr/share/texlive/texmf-dist/tex/latex/base/alltt.sty)
(/usr/share/texlive/texmf-dist/tex/latex/tools/array.sty)
(/usr/share/texlive/texmf-dist/tex/latex/float/float.sty)
(/usr/share/texlive/texmf-dist/tex/latex/base/ifthen.sty)
(/usr/share/texlive/texmf-dist/tex/latex/tools/verbatim.sty)
(/usr/share/texmf/tex/latex/xcolor/xcolor.sty
(/usr/share/texlive/texmf-dist/tex/latex/latexconfig/color.cfg)
(/usr/share/texlive/texmf-dist/tex/latex/pdftex-def/pdftex.def
(/usr/share/texlive/texmf-dist/tex/generic/oberdiek/infwarerr.sty)
(/usr/share/texlive/texmf-dist/tex/generic/oberdiek/ltxcmds.sty))
(/usr/share/texlive/texmf-dist/tex/latex/colortbl/colortbl.sty))
(/usr/share/texlive/texmf-dist/tex/latex/tools/longtable.sty)
(/usr/share/texlive/texmf-dist/tex/latex/tabu/tabu.sty
(/usr/share/texlive/texmf-dist/tex/latex/varwidth/varwidth.sty))
(/usr/share/texlive/texmf-dist/tex/latex/tools/tabularx.sty)
(/usr/share/texlive/texmf-dist/tex/latex/multirow/multirow.sty))
(/usr/share/texlive/texmf-dist/tex/latex/adjustbox/adjustbox.sty
(/usr/share/texlive/texmf-dist/tex/latex/xkeyval/xkeyval.sty
(/usr/share/texlive/texmf-dist/tex/generic/xkeyval/xkeyval.tex
(/usr/share/texlive/texmf-dist/tex/generic/xkeyval/keyval.tex)))
(/usr/share/texlive/texmf-dist/tex/latex/adjustbox/adjcalc.sty)
(/usr/share/texlive/texmf-dist/tex/latex/adjustbox/trimclip.sty
(/usr/share/texlive/texmf-dist/tex/latex/graphics/graphicx.sty
(/usr/share/texlive/texmf-dist/tex/latex/graphics/graphics.sty
(/usr/share/texlive/texmf-dist/tex/latex/graphics/trig.sty)
(/usr/share/texlive/texmf-dist/tex/latex/latexconfig/graphics.cfg)))
(/usr/share/texlive/texmf-dist/tex/latex/collectbox/collectbox.sty)
(/usr/share/texlive/texmf-dist/tex/latex/adjustbox/tc-pdftex.def))
(/usr/share/texlive/texmf-dist/tex/latex/ifoddpage/ifoddpage.sty))
(/usr/share/texlive/texmf-dist/tex/latex/base/inputenc.sty
(/usr/share/texlive/texmf-dist/tex/latex/base/utf8.def
(/usr/share/texlive/texmf-dist/tex/latex/base/t1enc.dfu)
(/usr/share/texlive/texmf-dist/tex/latex/base/ot1enc.dfu)
(/usr/share/texlive/texmf-dist/tex/latex/base/omsenc.dfu)))
(/usr/share/texlive/texmf-dist/tex/latex/base/makeidx.sty)
(/usr/share/texlive/texmf-dist/tex/latex/tools/multicol.sty)
(/usr/share/texlive/texmf-dist/tex/latex/base/textcomp.sty
(/usr/share/texlive/texmf-dist/tex/latex/base/ts1enc.def
(/usr/share/texlive/texmf-dist/tex/latex/base/ts1enc.dfu)))
(/usr/share/texlive/texmf-dist/tex/latex/wasysym/wasysym.sty)
(/usr/share/texlive/texmf-dist/tex/latex/base/fontenc.sty
(/usr/share/texlive/texmf-dist/tex/latex/base/t1enc.def))
(/usr/share/texlive/texmf-dist/tex/latex/psnfss/helvet.sty)
(/usr/share/texlive/texmf-dist/tex/latex/psnfss/courier.sty)
(/usr/share/texlive/texmf-dist/tex/latex/amsfonts/amssymb.sty
(/usr/share/texlive/texmf-dist/tex/latex/amsfonts/amsfonts.sty))
(/usr/share/texlive/texmf-dist/tex/latex/sectsty/sectsty.sty)
(/usr/share/texlive/texmf-dist/tex/latex/geometry/geometry.sty
(/usr/share/texlive/texmf-dist/tex/generic/oberdiek/ifpdf.sty)
(/usr/share/texlive/texmf-dist/tex/generic/oberdiek/ifvtex.sty)
(/usr/share/texlive/texmf-dist/tex/generic/ifxetex/ifxetex.sty))
(/usr/share/texlive/texmf-dist/tex/latex/fancyhdr/fancyhdr.sty)
(/usr/share/texlive/texmf-dist/tex/latex/natbib/natbib.sty)
(/usr/share/texlive/texmf-dist/tex/latex/tocloft/tocloft.sty)
Writing index file refman.idx
(/usr/share/texlive/texmf-dist/tex/latex/hyperref/hyperref.sty
(/usr/share/texlive/texmf-dist/tex/generic/oberdiek/hobsub-hyperref.sty
(/usr/share/texlive/texmf-dist/tex/generic/oberdiek/hobsub-generic.sty))
(/usr/share/texlive/texmf-dist/tex/latex/oberdiek/auxhook.sty)
(/usr/share/texlive/texmf-dist/tex/latex/oberdiek/kvoptions.sty)
(/usr/share/texlive/texmf-dist/tex/latex/hyperref/pd1enc.def)
(/usr/share/texlive/texmf-dist/tex/latex/latexconfig/hyperref.cfg)
(/usr/share/texlive/texmf-dist/tex/latex/hyperref/backref.sty
(/usr/share/texlive/texmf-dist/tex/latex/oberdiek/rerunfilecheck.sty))
(/usr/share/texlive/texmf-dist/tex/latex/url/url.sty))

Package hyperref Message: Driver: hpdftex.

(/usr/share/texlive/texmf-dist/tex/latex/hyperref/hpdftex.def)
(/usr/share/texlive/texmf-dist/tex/latex/hyperref/puenc.def)
(/usr/share/texlive/texmf-dist/tex/latex/caption/caption.sty
(/usr/share/texlive/texmf-dist/tex/latex/caption/caption3.sty)
(/usr/share/texlive/texmf-dist/tex/latex/caption/ltcaption.sty)) (./refman.aux
(./group__cin__ctl__rw.aux) (./group__cin__data__init.aux)
(./group__cin__data__framestore.aux))
(/usr/share/texlive/texmf-dist/tex/latex/base/ts1cmr.fd)
(/usr/share/texlive/texmf-dist/tex/latex/psnfss/t1phv.fd)
(/usr/share/texlive/texmf-dist/tex/context/base/supp-pdf.mkii
[Loading MPS to PDF converter (version 2006.09.02).]
) (/usr/share/texlive/texmf-dist/tex/latex/oberdiek/epstopdf-base.sty
(/usr/share/texlive/texmf-dist/tex/latex/oberdiek/grfext.sty)
(/usr/share/texlive/texmf-dist/tex/latex/latexconfig/epstopdf-sys.cfg))
*geometry* driver: auto-detecting
*geometry* detected driver: pdftex
(/usr/share/texlive/texmf-dist/tex/latex/hyperref/nameref.sty
(/usr/share/texlive/texmf-dist/tex/generic/oberdiek/gettitlestring.sty))
(./refman.out) (./refman.out) [1{/var/lib/texmf/fonts/map/pdftex/updmap/pdftex.
map}] [2] (./refman.toc
(/usr/share/texlive/texmf-dist/tex/latex/wasysym/uwasy.fd)
(/usr/share/texlive/texmf-dist/tex/latex/amsfonts/umsa.fd)
(/usr/share/texlive/texmf-dist/tex/latex/amsfonts/umsb.fd) [1]) [2]
Chapter 1.
(./index.tex (/usr/share/texlive/texmf-dist/tex/latex/psnfss/t1pcr.fd)
(/usr/share/texlive/texmf-dist/tex/latex/psnfss/ts1phv.fd)) [1] [2]
Chapter 2.
(./modules.tex) [3] [4]
Chapter 3.
(./annotated.tex) [5] [6]
Chapter 4.
(./files.tex

LaTeX Warning: Reference `cin__register__map_8h' on page 7 undefined on input l
ine 4.


LaTeX Warning: Reference `cinregisters_8h' on page 7 undefined on input line 5.



LaTeX Warning: Reference `common_8h' on page 7 undefined on input line 6.


LaTeX Warning: Reference `config_8h' on page 7 undefined on input line 7.


LaTeX Warning: Reference `control_8h' on page 7 undefined on input line 8.


LaTeX Warning: Reference `data_8h' on page 7 undefined on input line 9.


LaTeX Warning: Reference `descramble_8h' on page 7 undefined on input line 10.


LaTeX Warning: Reference `descramble__map_8h' on page 7 undefined on input line
 11.


LaTeX Warning: Reference `fclk__program_8h' on page 7 undefined on input line 1
2.


LaTeX Warning: Reference `fifo_8h' on page 7 undefined on input line 13.


LaTeX Warning: Reference `report_8h' on page 7 undefined on input line 14.


LaTeX Warning: Reference `version_8h' on page 7 undefined on input line 15.

) [7] [8]
Chapter 5.
(./group__cin__ctl__init.tex
Underfull \hbox (badness 10000) detected at line 31
[][][]
[9]
Underfull \hbox (badness 10000) detected at line 61
[][][]
) [10] (./group__cin__ctl__rw.tex
Underfull \hbox (badness 10000) detected at line 46
[][][]
[11]
Underfull \hbox (badness 10000) detected at line 68
[][][]

Underfull \hbox (badness 10000) detected at line 92
[][][]
[12]
Underfull \hbox (badness 10000) detected at line 114
[][][]
) [13] (./group__cin__data__init.tex
Overfull \vbox (0.80386pt too high) has occurred while \output is active
[14]) [15] (./group__cin__data__framestore.tex [16] [17]
Underfull \hbox (badness 10000) detected at line 99
[][][]
) [18]
Chapter 6.
(./structcin__ctl.tex) (./structcin__ctl__config.tex) (./structcin__ctl__id.tex
[19]) (./structcin__ctl__listener.tex) (./structcin__ctl__pwr__mon__t.tex)
(./structcin__ctl__pwr__val.tex) (./structcin__data.tex [20])
(./structcin__data__callbacks.tex) (./structcin__data__frame.tex [21])
(./structcin__data__packet.tex) (./structcin__data__proc.tex)
(./structcin__data__stats.tex [22]) (./structcin__data__threads.tex)
(./structcin__map__t.tex) (./structcin__port.tex [23])
(./structdescramble__map__t.tex) (./structfifo.tex) [24]
Chapter 7.
(./cin_8h.tex
Underfull \hbox (badness 10000) in paragraph at lines 3--10

[25] [26] [27] [28] [29]
Underfull \hbox (badness 10000) detected at line 667
[][][]
) [30] (./refman.ind [31]) (./refman.aux (./group__cin__ctl__rw.aux)
(./group__cin__data__init.aux) (./group__cin__data__framestore.aux))

LaTeX Warning: There were undefined references.

 )
(see the transcript file for additional information){/usr/share/texlive/texmf-d
ist/fonts/enc/dvips/base/8r.enc}</usr/share/texlive/texmf-dist/fonts/type1/publ
ic/amsfonts/cm/cmmi10.pfb></usr/share/texlive/texmf-dist/fonts/type1/public/ams
fonts/cm/cmmi7.pfb></usr/share/texlive/texmf-dist/fonts/type1/public/amsfonts/c
m/cmsy10.pfb></usr/share/texlive/texmf-dist/fonts/type1/public/amsfonts/cm/cmsy
7.pfb></usr/share/texlive/texmf-dist/fonts/type1/public/amsfonts/cm/cmsy8.pfb><
/usr/share/texlive/texmf-dist/fonts/type1/urw/courier/ucrr8a.pfb></usr/share/te
xlive/texmf-dist/fonts/type1/urw/courier/ucrro8a.pfb></usr/share/texlive/texmf-
dist/fonts/type1/urw/helvetic/uhvb8a.pfb></usr/share/texlive/texmf-dist/fonts/t
ype1/urw/helvetic/uhvb8ac.pfb></usr/share/texlive/texmf-dist/fonts/type1/urw/he
lvetic/uhvr8a.pfb></usr/share/texlive/texmf-dist/fonts/type1/urw/helvetic/uhvro
8a.pfb>
Output written on refman.pdf (35 pages, 172444 bytes).
Transcript written on refman.log.
make[1]: Leaving directory `/home/travis/build/NSLS-II/libcin/doc/latex'
